core   0: 0x00001000 (0x00000297) auipc   x5, 0x0
core   0: 3 0x00001000 (0x00000297) x5  0x00001000
core   1: 0x00001000 (0x00000297) auipc   x5, 0x0
core   1: 3 0x00001000 (0x00000297) x5  0x00001000
core   2: 0x00001000 (0x00000297) auipc   x5, 0x0
core   2: 3 0x00001000 (0x00000297) x5  0x00001000
core   3: 0x00001000 (0x00000297) auipc   x5, 0x0
core   3: 3 0x00001000 (0x00000297) x5  0x00001000
core   0: 0x00001004 (0x02028593) addi    x11, x5, 32
core   0: 3 0x00001004 (0x02028593) x11 0x00001020
core   1: 0x00001004 (0x02028593) addi    x11, x5, 32
core   1: 3 0x00001004 (0x02028593) x11 0x00001020
core   2: 0x00001004 (0x02028593) addi    x11, x5, 32
core   2: 3 0x00001004 (0x02028593) x11 0x00001020
core   3: 0x00001004 (0x02028593) addi    x11, x5, 32
core   3: 3 0x00001004 (0x02028593) x11 0x00001020
core   0: 0x00001008 (0xf1402573) csrr    x10, mhartid
core   0: 3 0x00001008 (0xf1402573) x10 0x00000000
core   1: 0x00001008 (0xf1402573) csrr    x10, mhartid
core   1: 3 0x00001008 (0xf1402573) x10 0x00000001
core   2: 0x00001008 (0xf1402573) csrr    x10, mhartid
core   2: 3 0x00001008 (0xf1402573) x10 0x00000002
core   3: 0x00001008 (0xf1402573) csrr    x10, mhartid
core   3: 3 0x00001008 (0xf1402573) x10 0x00000003
core   0: 0x0000100c (0x0182a283) lw      x5, 24(x5)
core   0: 3 0x0000100c (0x0182a283) x5  0x80000000 mem 0x00001018
core   1: 0x0000100c (0x0182a283) lw      x5, 24(x5)
core   1: 3 0x0000100c (0x0182a283) x5  0x80000000 mem 0x00001018
core   2: 0x0000100c (0x0182a283) lw      x5, 24(x5)
core   2: 3 0x0000100c (0x0182a283) x5  0x80000000 mem 0x00001018
core   3: 0x0000100c (0x0182a283) lw      x5, 24(x5)
core   3: 3 0x0000100c (0x0182a283) x5  0x80000000 mem 0x00001018
core   0: 0x00001010 (0x00028067) jr      x5
core   0: 3 0x00001010 (0x00028067)
core   1: 0x00001010 (0x00028067) jr      x5
core   1: 3 0x00001010 (0x00028067)
core   2: 0x00001010 (0x00028067) jr      x5
core   2: 3 0x00001010 (0x00028067)
core   3: 0x00001010 (0x00028067) jr      x5
core   3: 3 0x00001010 (0x00028067)
core   0: 0x80000000 (0x00004197) auipc   x3, 0x4
core   0: 3 0x80000000 (0x00004197) x3  0x80004000
core   1: 0x80000000 (0x00004197) auipc   x3, 0x4
core   1: 3 0x80000000 (0x00004197) x3  0x80004000
core   2: 0x80000000 (0x00004197) auipc   x3, 0x4
core   2: 3 0x80000000 (0x00004197) x3  0x80004000
core   3: 0x80000000 (0x00004197) auipc   x3, 0x4
core   3: 3 0x80000000 (0x00004197) x3  0x80004000
core   0: 0x80000004 (0x80818193) addi    x3, x3, -2040
core   0: 3 0x80000004 (0x80818193) x3  0x80003808
core   1: 0x80000004 (0x80818193) addi    x3, x3, -2040
core   1: 3 0x80000004 (0x80818193) x3  0x80003808
core   2: 0x80000004 (0x80818193) addi    x3, x3, -2040
core   2: 3 0x80000004 (0x80818193) x3  0x80003808
core   3: 0x80000004 (0x80818193) addi    x3, x3, -2040
core   3: 3 0x80000004 (0x80818193) x3  0x80003808
core   0: 0x80000008 (0x02000e93) li      x29, 32
core   0: 3 0x80000008 (0x02000e93) x29 0x00000020
core   1: 0x80000008 (0x02000e93) li      x29, 32
core   1: 3 0x80000008 (0x02000e93) x29 0x00000020
core   2: 0x80000008 (0x02000e93) li      x29, 32
core   2: 3 0x80000008 (0x02000e93) x29 0x00000020
core   3: 0x80000008 (0x02000e93) li      x29, 32
core   3: 3 0x80000008 (0x02000e93) x29 0x00000020
core   0: 0x8000000c (0x0d0efed7) vsetvli x29, x29, e32, m1, ta, ma
core   0: 3 0x8000000c (0x0d0efed7) x29 0x00000010 c8_vstart 0x00000000 c3104_vl 0x00000010 c3105_vtype 0x000000d0 c768_mstatus 0x80000600
core   1: 0x8000000c (0x0d0efed7) vsetvli x29, x29, e32, m1, ta, ma
core   1: 3 0x8000000c (0x0d0efed7) x29 0x00000010 c8_vstart 0x00000000 c3104_vl 0x00000010 c3105_vtype 0x000000d0 c768_mstatus 0x80000600
core   2: 0x8000000c (0x0d0efed7) vsetvli x29, x29, e32, m1, ta, ma
core   2: 3 0x8000000c (0x0d0efed7) x29 0x00000010 c8_vstart 0x00000000 c3104_vl 0x00000010 c3105_vtype 0x000000d0 c768_mstatus 0x80000600
core   3: 0x8000000c (0x0d0efed7) vsetvli x29, x29, e32, m1, ta, ma
core   3: 3 0x8000000c (0x0d0efed7) x29 0x00000010 c8_vstart 0x00000000 c3104_vl 0x00000010 c3105_vtype 0x000000d0 c768_mstatus 0x80000600
core   0: 0x80000010 (0x00002eb7) lui     x29, 0x2
core   0: 3 0x80000010 (0x00002eb7) x29 0x00002000
core   1: 0x80000010 (0x00002eb7) lui     x29, 0x2
core   1: 3 0x80000010 (0x00002eb7) x29 0x00002000
core   2: 0x80000010 (0x00002eb7) lui     x29, 0x2
core   2: 3 0x80000010 (0x00002eb7) x29 0x00002000
core   3: 0x80000010 (0x00002eb7) lui     x29, 0x2
core   3: 3 0x80000010 (0x00002eb7) x29 0x00002000
core   0: 0x80000014 (0x300eaef3) csrrs   x29, mstatus, x29
core   0: 3 0x80000014 (0x300eaef3) x29 0x80000600 c768_mstatus 0x80006600
core   1: 0x80000014 (0x300eaef3) csrrs   x29, mstatus, x29
core   1: 3 0x80000014 (0x300eaef3) x29 0x80000600 c768_mstatus 0x80006600
core   2: 0x80000014 (0x300eaef3) csrrs   x29, mstatus, x29
core   2: 3 0x80000014 (0x300eaef3) x29 0x80000600 c768_mstatus 0x80006600
core   3: 0x80000014 (0x300eaef3) csrrs   x29, mstatus, x29
core   3: 3 0x80000014 (0x300eaef3) x29 0x80000600 c768_mstatus 0x80006600
core   0: 0x80000018 (0x00000e93) li      x29, 0
core   0: 3 0x80000018 (0x00000e93) x29 0x00000000
core   1: 0x80000018 (0x00000e93) li      x29, 0
core   1: 3 0x80000018 (0x00000e93) x29 0x00000000
core   2: 0x80000018 (0x00000e93) li      x29, 0
core   2: 3 0x80000018 (0x00000e93) x29 0x00000000
core   3: 0x80000018 (0x00000e93) li      x29, 0
core   3: 3 0x80000018 (0x00000e93) x29 0x00000000
core   0: 0x8000001c (0x80502373) csrr    x6, wid
core   0: 3 0x8000001c (0x80502373) x6  0x00000000
core   1: 0x8000001c (0x80502373) csrr    x6, wid
core   1: 3 0x8000001c (0x80502373) x6  0x00000001
core   2: 0x8000001c (0x80502373) csrr    x6, wid
core   2: 3 0x8000001c (0x80502373) x6  0x00000002
core   3: 0x8000001c (0x80502373) csrr    x6, wid
core   3: 3 0x8000001c (0x80502373) x6  0x00000003
core   0: 0x80000020 (0x806023f3) csrr    x7, lds
core   0: 3 0x80000020 (0x806023f3) x7  0x70000000
core   1: 0x80000020 (0x806023f3) csrr    x7, lds
core   1: 3 0x80000020 (0x806023f3) x7  0x70000000
core   2: 0x80000020 (0x806023f3) csrr    x7, lds
core   2: 3 0x80000020 (0x806023f3) x7  0x70000000
core   3: 0x80000020 (0x806023f3) csrr    x7, lds
core   3: 3 0x80000020 (0x806023f3) x7  0x70000000
core   0: 0x80000024 (0x40000e13) li      x28, 1024
core   0: 3 0x80000024 (0x40000e13) x28 0x00000400
core   1: 0x80000024 (0x40000e13) li      x28, 1024
core   1: 3 0x80000024 (0x40000e13) x28 0x00000400
core   2: 0x80000024 (0x40000e13) li      x28, 1024
core   2: 3 0x80000024 (0x40000e13) x28 0x00000400
core   3: 0x80000024 (0x40000e13) li      x28, 1024
core   3: 3 0x80000024 (0x40000e13) x28 0x00000400
core   0: 0x80000028 (0x03c30333) mul     x6, x6, x28
core   0: 3 0x80000028 (0x03c30333) x6  0x00000000
core   1: 0x80000028 (0x03c30333) mul     x6, x6, x28
core   1: 3 0x80000028 (0x03c30333) x6  0x00000400
core   2: 0x80000028 (0x03c30333) mul     x6, x6, x28
core   2: 3 0x80000028 (0x03c30333) x6  0x00000800
core   3: 0x80000028 (0x03c30333) mul     x6, x6, x28
core   3: 3 0x80000028 (0x03c30333) x6  0x00000c00
core   0: 0x8000002c (0x00730133) add     x2, x6, x7
core   0: 3 0x8000002c (0x00730133) x2  0x70000000
core   1: 0x8000002c (0x00730133) add     x2, x6, x7
core   1: 3 0x8000002c (0x00730133) x2  0x70000400
core   2: 0x8000002c (0x00730133) add     x2, x6, x7
core   2: 3 0x8000002c (0x00730133) x2  0x70000800
core   3: 0x8000002c (0x00730133) add     x2, x6, x7
core   3: 3 0x8000002c (0x00730133) x2  0x70000c00
core   0: 0x80000030 (0x00000213) li      x4, 0
core   0: 3 0x80000030 (0x00000213) x4  0x00000000
core   1: 0x80000030 (0x00000213) li      x4, 0
core   1: 3 0x80000030 (0x00000213) x4  0x00000000
core   2: 0x80000030 (0x00000213) li      x4, 0
core   2: 3 0x80000030 (0x00000213) x4  0x00000000
core   3: 0x80000030 (0x00000213) li      x4, 0
core   3: 3 0x80000030 (0x00000213) x4  0x00000000
core   0: 0x80000034 (0x00003517) auipc   x10, 0x3
core   0: 3 0x80000034 (0x00003517) x10 0x80003034
core   1: 0x80000034 (0x00003517) auipc   x10, 0x3
core   1: 3 0x80000034 (0x00003517) x10 0x80003034
core   2: 0x80000034 (0x00003517) auipc   x10, 0x3
core   2: 3 0x80000034 (0x00003517) x10 0x80003034
core   3: 0x80000034 (0x00003517) auipc   x10, 0x3
core   3: 3 0x80000034 (0x00003517) x10 0x80003034
core   0: 0x80000038 (0xfd450513) addi    x10, x10, -44
core   0: 3 0x80000038 (0xfd450513) x10 0x80003008
core   1: 0x80000038 (0xfd450513) addi    x10, x10, -44
core   1: 3 0x80000038 (0xfd450513) x10 0x80003008
core   2: 0x80000038 (0xfd450513) addi    x10, x10, -44
core   2: 3 0x80000038 (0xfd450513) x10 0x80003008
core   3: 0x80000038 (0xfd450513) addi    x10, x10, -44
core   3: 3 0x80000038 (0xfd450513) x10 0x80003008
core   0: 0x8000003c (0x00003617) auipc   x12, 0x3
core   0: 3 0x8000003c (0x00003617) x12 0x8000303c
core   1: 0x8000003c (0x00003617) auipc   x12, 0x3
core   1: 3 0x8000003c (0x00003617) x12 0x8000303c
core   2: 0x8000003c (0x00003617) auipc   x12, 0x3
core   2: 3 0x8000003c (0x00003617) x12 0x8000303c
core   3: 0x8000003c (0x00003617) auipc   x12, 0x3
core   3: 3 0x8000003c (0x00003617) x12 0x8000303c
core   0: 0x80000040 (0xfcc60613) addi    x12, x12, -52
core   0: 3 0x80000040 (0xfcc60613) x12 0x80003008
core   1: 0x80000040 (0xfcc60613) addi    x12, x12, -52
core   1: 3 0x80000040 (0xfcc60613) x12 0x80003008
core   2: 0x80000040 (0xfcc60613) addi    x12, x12, -52
core   2: 3 0x80000040 (0xfcc60613) x12 0x80003008
core   3: 0x80000040 (0xfcc60613) addi    x12, x12, -52
core   3: 3 0x80000040 (0xfcc60613) x12 0x80003008
core   0: 0x80000044 (0x00c50863) beq     x10, x12, pc + 16
core   0: 3 0x80000044 (0x00c50863)
core   1: 0x80000044 (0x00c50863) beq     x10, x12, pc + 16
core   1: 3 0x80000044 (0x00c50863)
core   2: 0x80000044 (0x00c50863) beq     x10, x12, pc + 16
core   2: 3 0x80000044 (0x00c50863)
core   3: 0x80000044 (0x00c50863) beq     x10, x12, pc + 16
core   3: 3 0x80000044 (0x00c50863)
core   0: 0x80000054 (0x803022f3) csrr    x5, knl
core   0: 3 0x80000054 (0x803022f3) x5  0x90258000
core   1: 0x80000054 (0x803022f3) csrr    x5, knl
core   1: 3 0x80000054 (0x803022f3) x5  0x90258000
core   2: 0x80000054 (0x803022f3) csrr    x5, knl
core   2: 3 0x80000054 (0x803022f3) x5  0x90258000
core   3: 0x80000054 (0x803022f3) csrr    x5, knl
core   3: 3 0x80000054 (0x803022f3) x5  0x90258000
core   0: 0x80000058 (0x0002a303) lw      x6, 0(x5)
core   0: 3 0x80000058 (0x0002a303) x6  0x800000a8 mem 0x90258000
core   1: 0x80000058 (0x0002a303) lw      x6, 0(x5)
core   1: 3 0x80000058 (0x0002a303) x6  0x800000a8 mem 0x90258000
core   2: 0x80000058 (0x0002a303) lw      x6, 0(x5)
core   2: 3 0x80000058 (0x0002a303) x6  0x800000a8 mem 0x90258000
core   3: 0x80000058 (0x0002a303) lw      x6, 0(x5)
core   3: 3 0x80000058 (0x0002a303) x6  0x800000a8 mem 0x90258000
core   0: 0x8000005c (0x0042a503) lw      x10, 4(x5)
core   0: 3 0x8000005c (0x0042a503) x10 0x90217000 mem 0x90258004
core   1: 0x8000005c (0x0042a503) lw      x10, 4(x5)
core   1: 3 0x8000005c (0x0042a503) x10 0x90217000 mem 0x90258004
core   2: 0x8000005c (0x0042a503) lw      x10, 4(x5)
core   2: 3 0x8000005c (0x0042a503) x10 0x90217000 mem 0x90258004
core   3: 0x8000005c (0x0042a503) lw      x10, 4(x5)
core   3: 3 0x8000005c (0x0042a503) x10 0x90217000 mem 0x90258004
core   0: 0x80000060 (0x0302a383) lw      x7, 48(x5)
core   0: 3 0x80000060 (0x0302a383) x7  0x00000000 mem 0x90258030
core   1: 0x80000060 (0x0302a383) lw      x7, 48(x5)
core   1: 3 0x80000060 (0x0302a383) x7  0x00000000 mem 0x90258030
core   2: 0x80000060 (0x0302a383) lw      x7, 48(x5)
core   2: 3 0x80000060 (0x0302a383) x7  0x00000000 mem 0x90258030
core   3: 0x80000060 (0x0302a383) lw      x7, 48(x5)
core   3: 3 0x80000060 (0x0302a383) x7  0x00000000 mem 0x90258030
core   0: 0x80000064 (0x0342ae03) lw      x28, 52(x5)
core   0: 3 0x80000064 (0x0342ae03) x28 0x00000000 mem 0x90258034
core   1: 0x80000064 (0x0342ae03) lw      x28, 52(x5)
core   1: 3 0x80000064 (0x0342ae03) x28 0x00000000 mem 0x90258034
core   2: 0x80000064 (0x0342ae03) lw      x28, 52(x5)
core   2: 3 0x80000064 (0x0342ae03) x28 0x00000000 mem 0x90258034
core   3: 0x80000064 (0x0342ae03) lw      x28, 52(x5)
core   3: 3 0x80000064 (0x0342ae03) x28 0x00000000 mem 0x90258034
core   0: 0x80000068 (0x00003e97) auipc   x29, 0x3
core   0: 3 0x80000068 (0x00003e97) x29 0x80003068
core   1: 0x80000068 (0x00003e97) auipc   x29, 0x3
core   1: 3 0x80000068 (0x00003e97) x29 0x80003068
core   2: 0x80000068 (0x00003e97) auipc   x29, 0x3
core   2: 3 0x80000068 (0x00003e97) x29 0x80003068
core   3: 0x80000068 (0x00003e97) auipc   x29, 0x3
core   3: 3 0x80000068 (0x00003e97) x29 0x80003068
core   0: 0x8000006c (0xf98e8e93) addi    x29, x29, -104
core   0: 3 0x8000006c (0xf98e8e93) x29 0x80003000
core   1: 0x8000006c (0xf98e8e93) addi    x29, x29, -104
core   1: 3 0x8000006c (0xf98e8e93) x29 0x80003000
core   2: 0x8000006c (0xf98e8e93) addi    x29, x29, -104
core   2: 3 0x8000006c (0xf98e8e93) x29 0x80003000
core   3: 0x8000006c (0xf98e8e93) addi    x29, x29, -104
core   3: 3 0x8000006c (0xf98e8e93) x29 0x80003000
core   0: 0x80000070 (0x00003f17) auipc   x30, 0x3
core   0: 3 0x80000070 (0x00003f17) x30 0x80003070
core   1: 0x80000070 (0x00003f17) auipc   x30, 0x3
core   1: 3 0x80000070 (0x00003f17) x30 0x80003070
core   2: 0x80000070 (0x00003f17) auipc   x30, 0x3
core   2: 3 0x80000070 (0x00003f17) x30 0x80003070
core   3: 0x80000070 (0x00003f17) auipc   x30, 0x3
core   3: 3 0x80000070 (0x00003f17) x30 0x80003070
core   0: 0x80000074 (0xf94f0f13) addi    x30, x30, -108
core   0: 3 0x80000074 (0xf94f0f13) x30 0x80003004
core   1: 0x80000074 (0xf94f0f13) addi    x30, x30, -108
core   1: 3 0x80000074 (0xf94f0f13) x30 0x80003004
core   2: 0x80000074 (0xf94f0f13) addi    x30, x30, -108
core   2: 3 0x80000074 (0xf94f0f13) x30 0x80003004
core   3: 0x80000074 (0xf94f0f13) addi    x30, x30, -108
core   3: 3 0x80000074 (0xf94f0f13) x30 0x80003004
core   0: 0x80000078 (0x007ea023) sw      x7, 0(x29)
core   0: 3 0x80000078 (0x007ea023) mem 0x80003000 0x00000000
core   1: 0x80000078 (0x007ea023) sw      x7, 0(x29)
core   1: 3 0x80000078 (0x007ea023) mem 0x80003000 0x00000000
core   2: 0x80000078 (0x007ea023) sw      x7, 0(x29)
core   2: 3 0x80000078 (0x007ea023) mem 0x80003000 0x00000000
core   3: 0x80000078 (0x007ea023) sw      x7, 0(x29)
core   3: 3 0x80000078 (0x007ea023) mem 0x80003000 0x00000000
core   0: 0x8000007c (0x01cf2023) sw      x28, 0(x30)
core   0: 3 0x8000007c (0x01cf2023) mem 0x80003004 0x00000000
core   1: 0x8000007c (0x01cf2023) sw      x28, 0(x30)
core   1: 3 0x8000007c (0x01cf2023) mem 0x80003004 0x00000000
core   2: 0x8000007c (0x01cf2023) sw      x28, 0(x30)
core   2: 3 0x8000007c (0x01cf2023) mem 0x80003004 0x00000000
core   3: 0x8000007c (0x01cf2023) sw      x28, 0(x30)
core   3: 3 0x8000007c (0x01cf2023) mem 0x80003004 0x00000000
core   0: 0x80000080 (0x00000f97) auipc   x31, 0x0
core   0: 3 0x80000080 (0x00000f97) x31 0x80000080
core   1: 0x80000080 (0x00000f97) auipc   x31, 0x0
core   1: 3 0x80000080 (0x00000f97) x31 0x80000080
core   2: 0x80000080 (0x00000f97) auipc   x31, 0x0
core   2: 3 0x80000080 (0x00000f97) x31 0x80000080
core   3: 0x80000080 (0x00000f97) auipc   x31, 0x0
core   3: 3 0x80000080 (0x00000f97) x31 0x80000080
core   0: 0x80000084 (0x018f8f93) addi    x31, x31, 24
core   0: 3 0x80000084 (0x018f8f93) x31 0x80000098
core   1: 0x80000084 (0x018f8f93) addi    x31, x31, 24
core   1: 3 0x80000084 (0x018f8f93) x31 0x80000098
core   2: 0x80000084 (0x018f8f93) addi    x31, x31, 24
core   2: 3 0x80000084 (0x018f8f93) x31 0x80000098
core   3: 0x80000084 (0x018f8f93) addi    x31, x31, 24
core   3: 3 0x80000084 (0x018f8f93) x31 0x80000098
core   0: 0x80000088 (0x305f9073) csrw    mtvec, x31
core   0: 3 0x80000088 (0x305f9073) c773_mtvec 0x80000098
core   1: 0x80000088 (0x305f9073) csrw    mtvec, x31
core   1: 3 0x80000088 (0x305f9073) c773_mtvec 0x80000098
core   2: 0x80000088 (0x305f9073) csrw    mtvec, x31
core   2: 3 0x80000088 (0x305f9073) c773_mtvec 0x80000098
core   3: 0x80000088 (0x305f9073) csrw    mtvec, x31
core   3: 3 0x80000088 (0x305f9073) c773_mtvec 0x80000098
core   0: 0x8000008c (0x000300e7) jalr    x6
core   0: 3 0x8000008c (0x000300e7) x1  0x80000090
core   1: 0x8000008c (0x000300e7) jalr    x6
core   1: 3 0x8000008c (0x000300e7) x1  0x80000090
core   2: 0x8000008c (0x000300e7) jalr    x6
core   2: 3 0x8000008c (0x000300e7) x1  0x80000090
core   3: 0x8000008c (0x000300e7) jalr    x6
core   3: 3 0x8000008c (0x000300e7) x1  0x80000090
core   0: 0x800000a8 (0x00c10113) addi    x2, x2, 12
core   0: 3 0x800000a8 (0x00c10113) x2  0x7000000c
core   1: 0x800000a8 (0x00c10113) addi    x2, x2, 12
core   1: 3 0x800000a8 (0x00c10113) x2  0x7000040c
core   2: 0x800000a8 (0x00c10113) addi    x2, x2, 12
core   2: 3 0x800000a8 (0x00c10113) x2  0x7000080c
core   3: 0x800000a8 (0x00c10113) addi    x2, x2, 12
core   3: 3 0x800000a8 (0x00c10113) x2  0x70000c0c
core   0: 0x800000ac (0x00112023) sw      x1, 0(x2)
core   0: 3 0x800000ac (0x00112023) mem 0x7000000c 0x80000090
core   1: 0x800000ac (0x00112023) sw      x1, 0(x2)
core   1: 3 0x800000ac (0x00112023) mem 0x7000040c 0x80000090
core   2: 0x800000ac (0x00112023) sw      x1, 0(x2)
core   2: 3 0x800000ac (0x00112023) mem 0x7000080c 0x80000090
core   3: 0x800000ac (0x00112023) sw      x1, 0(x2)
core   3: 3 0x800000ac (0x00112023) mem 0x70000c0c 0x80000090
core   0: 0x800000b0 (0xfea12c23) sw      x10, -8(x2)
core   0: 3 0x800000b0 (0xfea12c23) mem 0x70000004 0x90217000
core   1: 0x800000b0 (0xfea12c23) sw      x10, -8(x2)
core   1: 3 0x800000b0 (0xfea12c23) mem 0x70000404 0x90217000
core   2: 0x800000b0 (0xfea12c23) sw      x10, -8(x2)
core   2: 3 0x800000b0 (0xfea12c23) mem 0x70000804 0x90217000
core   3: 0x800000b0 (0xfea12c23) sw      x10, -8(x2)
core   3: 3 0x800000b0 (0xfea12c23) mem 0x70000c04 0x90217000
core   0: 0x800000b4 (0x01852283) lw      x5, 24(x10)
core   0: 3 0x800000b4 (0x01852283) x5  0x00000040 mem 0x90217018
core   1: 0x800000b4 (0x01852283) lw      x5, 24(x10)
core   1: 3 0x800000b4 (0x01852283) x5  0x00000040 mem 0x90217018
core   2: 0x800000b4 (0x01852283) lw      x5, 24(x10)
core   2: 3 0x800000b4 (0x01852283) x5  0x00000040 mem 0x90217018
core   3: 0x800000b4 (0x01852283) lw      x5, 24(x10)
core   3: 3 0x800000b4 (0x01852283) x5  0x00000040 mem 0x90217018
core   0: 0x800000b8 (0xfe512e23) sw      x5, -4(x2)
core   0: 3 0x800000b8 (0xfe512e23) mem 0x70000008 0x00000040
core   1: 0x800000b8 (0xfe512e23) sw      x5, -4(x2)
core   1: 3 0x800000b8 (0xfe512e23) mem 0x70000408 0x00000040
core   2: 0x800000b8 (0xfe512e23) sw      x5, -4(x2)
core   2: 3 0x800000b8 (0xfe512e23) mem 0x70000808 0x00000040
core   3: 0x800000b8 (0xfe512e23) sw      x5, -4(x2)
core   3: 3 0x800000b8 (0xfe512e23) mem 0x70000c08 0x00000040
core   0: 0x800000bc (0x5e004057) vmv.v.x v0, x0
core   0: 3 0x800000bc (0x5e004057) c8_vstart 0x00000000 e32 m1 l16 v0  0000ffff 0x00000000 00000000 00000000 00000000 00000000 00000000 00000000 00000000 00000000 00000000 00000000 00000000 00000000 00000000 00000000 00000000 
core   1: 0x800000bc (0x5e004057) vmv.v.x v0, x0
core   1: 3 0x800000bc (0x5e004057) c8_vstart 0x00000000 e32 m1 l16 v0  0000ffff 0x00000000 00000000 00000000 00000000 00000000 00000000 00000000 00000000 00000000 00000000 00000000 00000000 00000000 00000000 00000000 00000000 
core   2: 0x800000bc (0x5e004057) vmv.v.x v0, x0
core   2: 3 0x800000bc (0x5e004057) c8_vstart 0x00000000 e32 m1 l16 v0  0000ffff 0x00000000 00000000 00000000 00000000 00000000 00000000 00000000 00000000 00000000 00000000 00000000 00000000 00000000 00000000 00000000 00000000 
core   3: 0x800000bc (0x5e004057) vmv.v.x v0, x0
core   3: 3 0x800000bc (0x5e004057) c8_vstart 0x00000000 e32 m1 l16 v0  0000ffff 0x00000000 00000000 00000000 00000000 00000000 00000000 00000000 00000000 00000000 00000000 00000000 00000000 00000000 00000000 00000000 00000000 
core   0: 0x800000c0 (0x1b8000ef) jal     pc + 0x1b8
core   0: 3 0x800000c0 (0x1b8000ef) x1  0x800000c4
core   1: 0x800000c0 (0x1b8000ef) jal     pc + 0x1b8
core   1: 3 0x800000c0 (0x1b8000ef) x1  0x800000c4
core   2: 0x800000c0 (0x1b8000ef) jal     pc + 0x1b8
core   2: 3 0x800000c0 (0x1b8000ef) x1  0x800000c4
core   3: 0x800000c0 (0x1b8000ef) jal     pc + 0x1b8
core   3: 3 0x800000c0 (0x1b8000ef) x1  0x800000c4
core   0: 0x80000278 (0x00410113) addi    x2, x2, 4
core   0: 3 0x80000278 (0x00410113) x2  0x70000010
core   1: 0x80000278 (0x00410113) addi    x2, x2, 4
core   1: 3 0x80000278 (0x00410113) x2  0x70000410
core   2: 0x80000278 (0x00410113) addi    x2, x2, 4
core   2: 3 0x80000278 (0x00410113) x2  0x70000810
core   3: 0x80000278 (0x00410113) addi    x2, x2, 4
core   3: 3 0x80000278 (0x00410113) x2  0x70000c10
core   0: 0x8000027c (0x00112023) sw      x1, 0(x2)
core   0: 3 0x8000027c (0x00112023) mem 0x70000010 0x800000c4
core   1: 0x8000027c (0x00112023) sw      x1, 0(x2)
core   1: 3 0x8000027c (0x00112023) mem 0x70000410 0x800000c4
core   2: 0x8000027c (0x00112023) sw      x1, 0(x2)
core   2: 3 0x8000027c (0x00112023) mem 0x70000810 0x800000c4
core   3: 0x8000027c (0x00112023) sw      x1, 0(x2)
core   3: 3 0x8000027c (0x00112023) mem 0x70000c10 0x800000c4
core   0: 0x80000280 (0x00200293) li      x5, 2
core   0: 3 0x80000280 (0x00200293) x5  0x00000002
core   1: 0x80000280 (0x00200293) li      x5, 2
core   1: 3 0x80000280 (0x00200293) x5  0x00000002
core   2: 0x80000280 (0x00200293) li      x5, 2
core   2: 3 0x80000280 (0x00200293) x5  0x00000002
core   3: 0x80000280 (0x00200293) li      x5, 2
core   3: 3 0x80000280 (0x00200293) x5  0x00000002
core   0: 0x80000284 (0x5e02c0d7) vmv.v.x v1, x5
core   0: 3 0x80000284 (0x5e02c0d7) c8_vstart 0x00000000 e32 m1 l16 v1  0000ffff 0x00000002 00000002 00000002 00000002 00000002 00000002 00000002 00000002 00000002 00000002 00000002 00000002 00000002 00000002 00000002 00000002 
core   1: 0x80000284 (0x5e02c0d7) vmv.v.x v1, x5
core   1: 3 0x80000284 (0x5e02c0d7) c8_vstart 0x00000000 e32 m1 l16 v1  0000ffff 0x00000002 00000002 00000002 00000002 00000002 00000002 00000002 00000002 00000002 00000002 00000002 00000002 00000002 00000002 00000002 00000002 
core   2: 0x80000284 (0x5e02c0d7) vmv.v.x v1, x5
core   2: 3 0x80000284 (0x5e02c0d7) c8_vstart 0x00000000 e32 m1 l16 v1  0000ffff 0x00000002 00000002 00000002 00000002 00000002 00000002 00000002 00000002 00000002 00000002 00000002 00000002 00000002 00000002 00000002 00000002 
core   3: 0x80000284 (0x5e02c0d7) vmv.v.x v1, x5
core   3: 3 0x80000284 (0x5e02c0d7) c8_vstart 0x00000000 e32 m1 l16 v1  0000ffff 0x00000002 00000002 00000002 00000002 00000002 00000002 00000002 00000002 00000002 00000002 00000002 00000002 00000002 00000002 00000002 00000002 
core   0: 0x80000288 (0x00000317) auipc   x6, 0x0
core   0: 3 0x80000288 (0x00000317) x6  0x80000288
core   1: 0x80000288 (0x00000317) auipc   x6, 0x0
core   1: 3 0x80000288 (0x00000317) x6  0x80000288
core   2: 0x80000288 (0x00000317) auipc   x6, 0x0
core   2: 3 0x80000288 (0x00000317) x6  0x80000288
core   3: 0x80000288 (0x00000317) auipc   x6, 0x0
core   3: 3 0x80000288 (0x00000317) x6  0x80000288
core   0: 0x8000028c (0x04c3305b) setrpc  x0, x6, 76
core   0: 3 0x8000028c (0x04c3305b) c2060_rpc 0x800002d4 current mask:	0000ffff current npc:	00000000 stack size: 0
core   1: 0x8000028c (0x04c3305b) setrpc  x0, x6, 76
core   1: 3 0x8000028c (0x04c3305b) c2060_rpc 0x800002d4 current mask:	0000ffff current npc:	00000000 stack size: 0
core   2: 0x8000028c (0x04c3305b) setrpc  x0, x6, 76
core   2: 3 0x8000028c (0x04c3305b) c2060_rpc 0x800002d4 current mask:	0000ffff current npc:	00000000 stack size: 0
core   3: 0x8000028c (0x04c3305b) setrpc  x0, x6, 76
core   3: 3 0x8000028c (0x04c3305b) c2060_rpc 0x800002d4 current mask:	0000ffff current npc:	00000000 stack size: 0
core   0: 0x80000290 (0x0200885b) vbeq    v0, v1, pc + 48
core   0: 3 0x80000290 (0x0200885b) c8_vstart 0x00000000 e32 m1 l16 current mask:	0000ffff current npc:	80000294 stack size: 0
core   1: 0x80000290 (0x0200885b) vbeq    v0, v1, pc + 48
core   1: 3 0x80000290 (0x0200885b) c8_vstart 0x00000000 e32 m1 l16 current mask:	0000ffff current npc:	80000294 stack size: 0
core   2: 0x80000290 (0x0200885b) vbeq    v0, v1, pc + 48
core   2: 3 0x80000290 (0x0200885b) c8_vstart 0x00000000 e32 m1 l16 current mask:	0000ffff current npc:	80000294 stack size: 0
core   3: 0x80000290 (0x0200885b) vbeq    v0, v1, pc + 48
core   3: 3 0x80000290 (0x0200885b) c8_vstart 0x00000000 e32 m1 l16 current mask:	0000ffff current npc:	80000294 stack size: 0
core   0: 0x80000294 (0x00100293) li      x5, 1
core   0: 3 0x80000294 (0x00100293) x5  0x00000001
core   1: 0x80000294 (0x00100293) li      x5, 1
core   1: 3 0x80000294 (0x00100293) x5  0x00000001
core   2: 0x80000294 (0x00100293) li      x5, 1
core   2: 3 0x80000294 (0x00100293) x5  0x00000001
core   3: 0x80000294 (0x00100293) li      x5, 1
core   3: 3 0x80000294 (0x00100293) x5  0x00000001
core   0: 0x80000298 (0x5e02c0d7) vmv.v.x v1, x5
core   0: 3 0x80000298 (0x5e02c0d7) c8_vstart 0x00000000 e32 m1 l16 v1  0000ffff 0x00000001 00000001 00000001 00000001 00000001 00000001 00000001 00000001 00000001 00000001 00000001 00000001 00000001 00000001 00000001 00000001 
core   1: 0x80000298 (0x5e02c0d7) vmv.v.x v1, x5
core   1: 3 0x80000298 (0x5e02c0d7) c8_vstart 0x00000000 e32 m1 l16 v1  0000ffff 0x00000001 00000001 00000001 00000001 00000001 00000001 00000001 00000001 00000001 00000001 00000001 00000001 00000001 00000001 00000001 00000001 
core   2: 0x80000298 (0x5e02c0d7) vmv.v.x v1, x5
core   2: 3 0x80000298 (0x5e02c0d7) c8_vstart 0x00000000 e32 m1 l16 v1  0000ffff 0x00000001 00000001 00000001 00000001 00000001 00000001 00000001 00000001 00000001 00000001 00000001 00000001 00000001 00000001 00000001 00000001 
core   3: 0x80000298 (0x5e02c0d7) vmv.v.x v1, x5
core   3: 3 0x80000298 (0x5e02c0d7) c8_vstart 0x00000000 e32 m1 l16 v1  0000ffff 0x00000001 00000001 00000001 00000001 00000001 00000001 00000001 00000001 00000001 00000001 00000001 00000001 00000001 00000001 00000001 00000001 
core   0: 0x8000029c (0x00000317) auipc   x6, 0x0
core   0: 3 0x8000029c (0x00000317) x6  0x8000029c
core   1: 0x8000029c (0x00000317) auipc   x6, 0x0
core   1: 3 0x8000029c (0x00000317) x6  0x8000029c
core   2: 0x8000029c (0x00000317) auipc   x6, 0x0
core   2: 3 0x8000029c (0x00000317) x6  0x8000029c
core   3: 0x8000029c (0x00000317) auipc   x6, 0x0
core   3: 3 0x8000029c (0x00000317) x6  0x8000029c
core   0: 0x800002a0 (0x0383305b) setrpc  x0, x6, 56
core   0: 3 0x800002a0 (0x0383305b) c2060_rpc 0x800002d4 current mask:	0000ffff current npc:	80000294 stack size: 0
core   1: 0x800002a0 (0x0383305b) setrpc  x0, x6, 56
core   1: 3 0x800002a0 (0x0383305b) c2060_rpc 0x800002d4 current mask:	0000ffff current npc:	80000294 stack size: 0
core   2: 0x800002a0 (0x0383305b) setrpc  x0, x6, 56
core   2: 3 0x800002a0 (0x0383305b) c2060_rpc 0x800002d4 current mask:	0000ffff current npc:	80000294 stack size: 0
core   3: 0x800002a0 (0x0383305b) setrpc  x0, x6, 56
core   3: 3 0x800002a0 (0x0383305b) c2060_rpc 0x800002d4 current mask:	0000ffff current npc:	80000294 stack size: 0
core   0: 0x800002a4 (0x0200825b) vbeq    v0, v1, pc + 36
core   0: 3 0x800002a4 (0x0200825b) c8_vstart 0x00000000 e32 m1 l16 current mask:	0000ffff current npc:	800002a8 stack size: 0
core   1: 0x800002a4 (0x0200825b) vbeq    v0, v1, pc + 36
core   1: 3 0x800002a4 (0x0200825b) c8_vstart 0x00000000 e32 m1 l16 current mask:	0000ffff current npc:	800002a8 stack size: 0
core   2: 0x800002a4 (0x0200825b) vbeq    v0, v1, pc + 36
core   2: 3 0x800002a4 (0x0200825b) c8_vstart 0x00000000 e32 m1 l16 current mask:	0000ffff current npc:	800002a8 stack size: 0
core   3: 0x800002a4 (0x0200825b) vbeq    v0, v1, pc + 36
core   3: 3 0x800002a4 (0x0200825b) c8_vstart 0x00000000 e32 m1 l16 current mask:	0000ffff current npc:	800002a8 stack size: 0
core   0: 0x800002a8 (0x5e0040d7) vmv.v.x v1, x0
core   0: 3 0x800002a8 (0x5e0040d7) c8_vstart 0x00000000 e32 m1 l16 v1  0000ffff 0x00000000 00000000 00000000 00000000 00000000 00000000 00000000 00000000 00000000 00000000 00000000 00000000 00000000 00000000 00000000 00000000 
core   1: 0x800002a8 (0x5e0040d7) vmv.v.x v1, x0
core   1: 3 0x800002a8 (0x5e0040d7) c8_vstart 0x00000000 e32 m1 l16 v1  0000ffff 0x00000000 00000000 00000000 00000000 00000000 00000000 00000000 00000000 00000000 00000000 00000000 00000000 00000000 00000000 00000000 00000000 
core   2: 0x800002a8 (0x5e0040d7) vmv.v.x v1, x0
core   2: 3 0x800002a8 (0x5e0040d7) c8_vstart 0x00000000 e32 m1 l16 v1  0000ffff 0x00000000 00000000 00000000 00000000 00000000 00000000 00000000 00000000 00000000 00000000 00000000 00000000 00000000 00000000 00000000 00000000 
core   3: 0x800002a8 (0x5e0040d7) vmv.v.x v1, x0
core   3: 3 0x800002a8 (0x5e0040d7) c8_vstart 0x00000000 e32 m1 l16 v1  0000ffff 0x00000000 00000000 00000000 00000000 00000000 00000000 00000000 00000000 00000000 00000000 00000000 00000000 00000000 00000000 00000000 00000000 
core   0: 0x800002ac (0x00000317) auipc   x6, 0x0
core   0: 3 0x800002ac (0x00000317) x6  0x800002ac
core   1: 0x800002ac (0x00000317) auipc   x6, 0x0
core   1: 3 0x800002ac (0x00000317) x6  0x800002ac
core   2: 0x800002ac (0x00000317) auipc   x6, 0x0
core   2: 3 0x800002ac (0x00000317) x6  0x800002ac
core   3: 0x800002ac (0x00000317) auipc   x6, 0x0
core   3: 3 0x800002ac (0x00000317) x6  0x800002ac
core   0: 0x800002b0 (0x0283305b) setrpc  x0, x6, 40
core   0: 3 0x800002b0 (0x0283305b) c2060_rpc 0x800002d4 current mask:	0000ffff current npc:	800002a8 stack size: 0
core   1: 0x800002b0 (0x0283305b) setrpc  x0, x6, 40
core   1: 3 0x800002b0 (0x0283305b) c2060_rpc 0x800002d4 current mask:	0000ffff current npc:	800002a8 stack size: 0
core   2: 0x800002b0 (0x0283305b) setrpc  x0, x6, 40
core   2: 3 0x800002b0 (0x0283305b) c2060_rpc 0x800002d4 current mask:	0000ffff current npc:	800002a8 stack size: 0
core   3: 0x800002b0 (0x0283305b) setrpc  x0, x6, 40
core   3: 3 0x800002b0 (0x0283305b) c2060_rpc 0x800002d4 current mask:	0000ffff current npc:	800002a8 stack size: 0
core   0: 0x800002b4 (0x00009e5b) vbne    v0, v1, pc + 28
core   0: 3 0x800002b4 (0x00009e5b) c8_vstart 0x00000000 e32 m1 l16 current mask:	0000ffff current npc:	800002b8 stack size: 0
core   1: 0x800002b4 (0x00009e5b) vbne    v0, v1, pc + 28
core   1: 3 0x800002b4 (0x00009e5b) c8_vstart 0x00000000 e32 m1 l16 current mask:	0000ffff current npc:	800002b8 stack size: 0
core   2: 0x800002b4 (0x00009e5b) vbne    v0, v1, pc + 28
core   2: 3 0x800002b4 (0x00009e5b) c8_vstart 0x00000000 e32 m1 l16 current mask:	0000ffff current npc:	800002b8 stack size: 0
core   3: 0x800002b4 (0x00009e5b) vbne    v0, v1, pc + 28
core   3: 3 0x800002b4 (0x00009e5b) c8_vstart 0x00000000 e32 m1 l16 current mask:	0000ffff current npc:	800002b8 stack size: 0
core   0: 0x800002b8 (0x160000ef) jal     pc + 0x160
core   0: 3 0x800002b8 (0x160000ef) x1  0x800002bc
core   1: 0x800002b8 (0x160000ef) jal     pc + 0x160
core   1: 3 0x800002b8 (0x160000ef) x1  0x800002bc
core   2: 0x800002b8 (0x160000ef) jal     pc + 0x160
core   2: 3 0x800002b8 (0x160000ef) x1  0x800002bc
core   3: 0x800002b8 (0x160000ef) jal     pc + 0x160
core   3: 3 0x800002b8 (0x160000ef) x1  0x800002bc
core   0: 0x80000418 (0x00410113) addi    x2, x2, 4
core   0: 3 0x80000418 (0x00410113) x2  0x70000014
core   1: 0x80000418 (0x00410113) addi    x2, x2, 4
core   1: 3 0x80000418 (0x00410113) x2  0x70000414
core   2: 0x80000418 (0x00410113) addi    x2, x2, 4
core   2: 3 0x80000418 (0x00410113) x2  0x70000814
core   3: 0x80000418 (0x00410113) addi    x2, x2, 4
core   3: 3 0x80000418 (0x00410113) x2  0x70000c14
core   0: 0x8000041c (0x00112023) sw      x1, 0(x2)
core   0: 3 0x8000041c (0x00112023) mem 0x70000014 0x800002bc
core   1: 0x8000041c (0x00112023) sw      x1, 0(x2)
core   1: 3 0x8000041c (0x00112023) mem 0x70000414 0x800002bc
core   2: 0x8000041c (0x00112023) sw      x1, 0(x2)
core   2: 3 0x8000041c (0x00112023) mem 0x70000814 0x800002bc
core   3: 0x8000041c (0x00112023) sw      x1, 0(x2)
core   3: 3 0x8000041c (0x00112023) mem 0x70000c14 0x800002bc
core   0: 0x80000420 (0xf71ff0ef) jal     pc - 0x90
core   0: 3 0x80000420 (0xf71ff0ef) x1  0x80000424
core   1: 0x80000420 (0xf71ff0ef) jal     pc - 0x90
core   1: 3 0x80000420 (0xf71ff0ef) x1  0x80000424
core   2: 0x80000420 (0xf71ff0ef) jal     pc - 0x90
core   2: 3 0x80000420 (0xf71ff0ef) x1  0x80000424
core   3: 0x80000420 (0xf71ff0ef) jal     pc - 0x90
core   3: 3 0x80000420 (0xf71ff0ef) x1  0x80000424
core   0: 0x80000390 (0x80302573) csrr    x10, knl
core   0: 3 0x80000390 (0x80302573) x10 0x90258000
core   1: 0x80000390 (0x80302573) csrr    x10, knl
core   1: 3 0x80000390 (0x80302573) x10 0x90258000
core   2: 0x80000390 (0x80302573) csrr    x10, knl
core   2: 3 0x80000390 (0x80302573) x10 0x90258000
core   3: 0x80000390 (0x80302573) csrr    x10, knl
core   3: 3 0x80000390 (0x80302573) x10 0x90258000
core   0: 0x80000394 (0x00852283) lw      x5, 8(x10)
core   0: 3 0x80000394 (0x00852283) x5  0x00000002 mem 0x90258008
core   1: 0x80000394 (0x00852283) lw      x5, 8(x10)
core   1: 3 0x80000394 (0x00852283) x5  0x00000002 mem 0x90258008
core   2: 0x80000394 (0x00852283) lw      x5, 8(x10)
core   2: 3 0x80000394 (0x00852283) x5  0x00000002 mem 0x90258008
core   3: 0x80000394 (0x00852283) lw      x5, 8(x10)
core   3: 3 0x80000394 (0x00852283) x5  0x00000002 mem 0x90258008
core   0: 0x80000398 (0x80002373) csrr    x6, tid
core   0: 3 0x80000398 (0x80002373) x6  0x00000000
core   1: 0x80000398 (0x80002373) csrr    x6, tid
core   1: 3 0x80000398 (0x80002373) x6  0x00000010
core   2: 0x80000398 (0x80002373) csrr    x6, tid
core   2: 3 0x80000398 (0x80002373) x6  0x00000020
core   3: 0x80000398 (0x80002373) csrr    x6, tid
core   3: 3 0x80000398 (0x80002373) x6  0x00000030
core   0: 0x8000039c (0x5208a157) vid.v   v2
core   0: 3 0x8000039c (0x5208a157) c8_vstart 0x00000000 e32 m1 l16 v2  0000ffff 0x0000000f 0000000e 0000000d 0000000c 0000000b 0000000a 00000009 00000008 00000007 00000006 00000005 00000004 00000003 00000002 00000001 00000000 
core   1: 0x8000039c (0x5208a157) vid.v   v2
core   1: 3 0x8000039c (0x5208a157) c8_vstart 0x00000000 e32 m1 l16 v2  0000ffff 0x0000000f 0000000e 0000000d 0000000c 0000000b 0000000a 00000009 00000008 00000007 00000006 00000005 00000004 00000003 00000002 00000001 00000000 
core   2: 0x8000039c (0x5208a157) vid.v   v2
core   2: 3 0x8000039c (0x5208a157) c8_vstart 0x00000000 e32 m1 l16 v2  0000ffff 0x0000000f 0000000e 0000000d 0000000c 0000000b 0000000a 00000009 00000008 00000007 00000006 00000005 00000004 00000003 00000002 00000001 00000000 
core   3: 0x8000039c (0x5208a157) vid.v   v2
core   3: 3 0x8000039c (0x5208a157) c8_vstart 0x00000000 e32 m1 l16 v2  0000ffff 0x0000000f 0000000e 0000000d 0000000c 0000000b 0000000a 00000009 00000008 00000007 00000006 00000005 00000004 00000003 00000002 00000001 00000000 
core   0: 0x800003a0 (0x02234057) vadd.vx v0, v2, x6
core   0: 3 0x800003a0 (0x02234057) c8_vstart 0x00000000 e32 m1 l16 v0  0000ffff 0x0000000f 0000000e 0000000d 0000000c 0000000b 0000000a 00000009 00000008 00000007 00000006 00000005 00000004 00000003 00000002 00000001 00000000 
core   1: 0x800003a0 (0x02234057) vadd.vx v0, v2, x6
core   1: 3 0x800003a0 (0x02234057) c8_vstart 0x00000000 e32 m1 l16 v0  0000ffff 0x0000001f 0000001e 0000001d 0000001c 0000001b 0000001a 00000019 00000018 00000017 00000016 00000015 00000014 00000013 00000012 00000011 00000010 
core   2: 0x800003a0 (0x02234057) vadd.vx v0, v2, x6
core   2: 3 0x800003a0 (0x02234057) c8_vstart 0x00000000 e32 m1 l16 v0  0000ffff 0x0000002f 0000002e 0000002d 0000002c 0000002b 0000002a 00000029 00000028 00000027 00000026 00000025 00000024 00000023 00000022 00000021 00000020 
core   3: 0x800003a0 (0x02234057) vadd.vx v0, v2, x6
core   3: 3 0x800003a0 (0x02234057) c8_vstart 0x00000000 e32 m1 l16 v0  0000ffff 0x0000003f 0000003e 0000003d 0000003c 0000003b 0000003a 00000039 00000038 00000037 00000036 00000035 00000034 00000033 00000032 00000031 00000030 
core   0: 0x800003a4 (0x00100393) li      x7, 1
core   0: 3 0x800003a4 (0x00100393) x7  0x00000001
core   1: 0x800003a4 (0x00100393) li      x7, 1
core   1: 3 0x800003a4 (0x00100393) x7  0x00000001
core   2: 0x800003a4 (0x00100393) li      x7, 1
core   2: 3 0x800003a4 (0x00100393) x7  0x00000001
core   3: 0x800003a4 (0x00100393) li      x7, 1
core   3: 3 0x800003a4 (0x00100393) x7  0x00000001
core   0: 0x800003a8 (0x00728663) beq     x5, x7, pc + 12
core   0: 3 0x800003a8 (0x00728663)
core   1: 0x800003a8 (0x00728663) beq     x5, x7, pc + 12
core   1: 3 0x800003a8 (0x00728663)
core   2: 0x800003a8 (0x00728663) beq     x5, x7, pc + 12
core   2: 3 0x800003a8 (0x00728663)
core   3: 0x800003a8 (0x00728663) beq     x5, x7, pc + 12
core   3: 3 0x800003a8 (0x00728663)
core   0: 0x800003ac (0x01852e03) lw      x28, 24(x10)
core   0: 3 0x800003ac (0x01852e03) x28 0x00000040 mem 0x90258018
core   1: 0x800003ac (0x01852e03) lw      x28, 24(x10)
core   1: 3 0x800003ac (0x01852e03) x28 0x00000040 mem 0x90258018
core   2: 0x800003ac (0x01852e03) lw      x28, 24(x10)
core   2: 3 0x800003ac (0x01852e03) x28 0x00000040 mem 0x90258018
core   3: 0x800003ac (0x01852e03) lw      x28, 24(x10)
core   3: 3 0x800003ac (0x01852e03) x28 0x00000040 mem 0x90258018
core   0: 0x800003b0 (0x8a0e6057) vremu.vx v0, v0, x28
core   0: 3 0x800003b0 (0x8a0e6057) c8_vstart 0x00000000 e32 m1 l16 v0  0000ffff 0x0000000f 0000000e 0000000d 0000000c 0000000b 0000000a 00000009 00000008 00000007 00000006 00000005 00000004 00000003 00000002 00000001 00000000 
core   1: 0x800003b0 (0x8a0e6057) vremu.vx v0, v0, x28
core   1: 3 0x800003b0 (0x8a0e6057) c8_vstart 0x00000000 e32 m1 l16 v0  0000ffff 0x0000001f 0000001e 0000001d 0000001c 0000001b 0000001a 00000019 00000018 00000017 00000016 00000015 00000014 00000013 00000012 00000011 00000010 
core   2: 0x800003b0 (0x8a0e6057) vremu.vx v0, v0, x28
core   2: 3 0x800003b0 (0x8a0e6057) c8_vstart 0x00000000 e32 m1 l16 v0  0000ffff 0x0000002f 0000002e 0000002d 0000002c 0000002b 0000002a 00000029 00000028 00000027 00000026 00000025 00000024 00000023 00000022 00000021 00000020 
core   3: 0x800003b0 (0x8a0e6057) vremu.vx v0, v0, x28
core   3: 3 0x800003b0 (0x8a0e6057) c8_vstart 0x00000000 e32 m1 l16 v0  0000ffff 0x0000003f 0000003e 0000003d 0000003c 0000003b 0000003a 00000039 00000038 00000037 00000036 00000035 00000034 00000033 00000032 00000031 00000030 
core   0: 0x800003b4 (0x00008067) ret
core   0: 3 0x800003b4 (0x00008067)
core   1: 0x800003b4 (0x00008067) ret
core   1: 3 0x800003b4 (0x00008067)
core   2: 0x800003b4 (0x00008067) ret
core   2: 3 0x800003b4 (0x00008067)
core   3: 0x800003b4 (0x00008067) ret
core   3: 3 0x800003b4 (0x00008067)
core   0: 0x80000424 (0x80302573) csrr    x10, knl
core   0: 3 0x80000424 (0x80302573) x10 0x90258000
core   1: 0x80000424 (0x80302573) csrr    x10, knl
core   1: 3 0x80000424 (0x80302573) x10 0x90258000
core   2: 0x80000424 (0x80302573) csrr    x10, knl
core   2: 3 0x80000424 (0x80302573) x10 0x90258000
core   3: 0x80000424 (0x80302573) csrr    x10, knl
core   3: 3 0x80000424 (0x80302573) x10 0x90258000
core   0: 0x80000428 (0x80802373) csrr    x6, gidx
core   0: 3 0x80000428 (0x80802373) x6  0x00000000
core   1: 0x80000428 (0x80802373) csrr    x6, gidx
core   1: 3 0x80000428 (0x80802373) x6  0x00000000
core   2: 0x80000428 (0x80802373) csrr    x6, gidx
core   2: 3 0x80000428 (0x80802373) x6  0x00000000
core   3: 0x80000428 (0x80802373) csrr    x6, gidx
core   3: 3 0x80000428 (0x80802373) x6  0x00000000
core   0: 0x8000042c (0x01852e03) lw      x28, 24(x10)
core   0: 3 0x8000042c (0x01852e03) x28 0x00000040 mem 0x90258018
core   1: 0x8000042c (0x01852e03) lw      x28, 24(x10)
core   1: 3 0x8000042c (0x01852e03) x28 0x00000040 mem 0x90258018
core   2: 0x8000042c (0x01852e03) lw      x28, 24(x10)
core   2: 3 0x8000042c (0x01852e03) x28 0x00000040 mem 0x90258018
core   3: 0x8000042c (0x01852e03) lw      x28, 24(x10)
core   3: 3 0x8000042c (0x01852e03) x28 0x00000040 mem 0x90258018
core   0: 0x80000430 (0x03c30fb3) mul     x31, x6, x28
core   0: 3 0x80000430 (0x03c30fb3) x31 0x00000000
core   1: 0x80000430 (0x03c30fb3) mul     x31, x6, x28
core   1: 3 0x80000430 (0x03c30fb3) x31 0x00000000
core   2: 0x80000430 (0x03c30fb3) mul     x31, x6, x28
core   2: 3 0x80000430 (0x03c30fb3) x31 0x00000000
core   3: 0x80000430 (0x03c30fb3) mul     x31, x6, x28
core   3: 3 0x80000430 (0x03c30fb3) x31 0x00000000
core   0: 0x80000434 (0x020fc057) vadd.vx v0, v0, x31
core   0: 3 0x80000434 (0x020fc057) c8_vstart 0x00000000 e32 m1 l16 v0  0000ffff 0x0000000f 0000000e 0000000d 0000000c 0000000b 0000000a 00000009 00000008 00000007 00000006 00000005 00000004 00000003 00000002 00000001 00000000 
core   1: 0x80000434 (0x020fc057) vadd.vx v0, v0, x31
core   1: 3 0x80000434 (0x020fc057) c8_vstart 0x00000000 e32 m1 l16 v0  0000ffff 0x0000001f 0000001e 0000001d 0000001c 0000001b 0000001a 00000019 00000018 00000017 00000016 00000015 00000014 00000013 00000012 00000011 00000010 
core   2: 0x80000434 (0x020fc057) vadd.vx v0, v0, x31
core   2: 3 0x80000434 (0x020fc057) c8_vstart 0x00000000 e32 m1 l16 v0  0000ffff 0x0000002f 0000002e 0000002d 0000002c 0000002b 0000002a 00000029 00000028 00000027 00000026 00000025 00000024 00000023 00000022 00000021 00000020 
core   3: 0x80000434 (0x020fc057) vadd.vx v0, v0, x31
core   3: 3 0x80000434 (0x020fc057) c8_vstart 0x00000000 e32 m1 l16 v0  0000ffff 0x0000003f 0000003e 0000003d 0000003c 0000003b 0000003a 00000039 00000038 00000037 00000036 00000035 00000034 00000033 00000032 00000031 00000030 
core   0: 0x80000438 (0x00012083) lw      x1, 0(x2)
core   0: 3 0x80000438 (0x00012083) x1  0x800002bc mem 0x70000014
core   1: 0x80000438 (0x00012083) lw      x1, 0(x2)
core   1: 3 0x80000438 (0x00012083) x1  0x800002bc mem 0x70000414
core   2: 0x80000438 (0x00012083) lw      x1, 0(x2)
core   2: 3 0x80000438 (0x00012083) x1  0x800002bc mem 0x70000814
core   3: 0x80000438 (0x00012083) lw      x1, 0(x2)
core   3: 3 0x80000438 (0x00012083) x1  0x800002bc mem 0x70000c14
core   0: 0x8000043c (0xffc10113) addi    x2, x2, -4
core   0: 3 0x8000043c (0xffc10113) x2  0x70000010
core   1: 0x8000043c (0xffc10113) addi    x2, x2, -4
core   1: 3 0x8000043c (0xffc10113) x2  0x70000410
core   2: 0x8000043c (0xffc10113) addi    x2, x2, -4
core   2: 3 0x8000043c (0xffc10113) x2  0x70000810
core   3: 0x8000043c (0xffc10113) addi    x2, x2, -4
core   3: 3 0x8000043c (0xffc10113) x2  0x70000c10
core   0: 0x80000440 (0x00008067) ret
core   0: 3 0x80000440 (0x00008067)
core   1: 0x80000440 (0x00008067) ret
core   1: 3 0x80000440 (0x00008067)
core   2: 0x80000440 (0x00008067) ret
core   2: 3 0x80000440 (0x00008067)
core   3: 0x80000440 (0x00008067) ret
core   3: 3 0x80000440 (0x00008067)
core   0: 0x800002bc (0x0180006f) j       pc + 0x18
core   0: 3 0x800002bc (0x0180006f)
core   1: 0x800002bc (0x0180006f) j       pc + 0x18
core   1: 3 0x800002bc (0x0180006f)
core   2: 0x800002bc (0x0180006f) j       pc + 0x18
core   2: 3 0x800002bc (0x0180006f)
core   3: 0x800002bc (0x0180006f) j       pc + 0x18
core   3: 3 0x800002bc (0x0180006f)
core   0: 0x800002d4 (0x0000205b) join    v0, v0, pc + 0
core   0: 3 0x800002d4 (0x0000205b) current mask:	0000ffff current npc:	800002b8 stack size: 0
core   1: 0x800002d4 (0x0000205b) join    v0, v0, pc + 0
core   1: 3 0x800002d4 (0x0000205b) current mask:	0000ffff current npc:	800002b8 stack size: 0
core   2: 0x800002d4 (0x0000205b) join    v0, v0, pc + 0
core   2: 3 0x800002d4 (0x0000205b) current mask:	0000ffff current npc:	800002b8 stack size: 0
core   3: 0x800002d4 (0x0000205b) join    v0, v0, pc + 0
core   3: 3 0x800002d4 (0x0000205b) current mask:	0000ffff current npc:	800002b8 stack size: 0
core   0: 0x800002d8 (0x00012083) lw      x1, 0(x2)
core   0: 3 0x800002d8 (0x00012083) x1  0x800000c4 mem 0x70000010
core   1: 0x800002d8 (0x00012083) lw      x1, 0(x2)
core   1: 3 0x800002d8 (0x00012083) x1  0x800000c4 mem 0x70000410
core   2: 0x800002d8 (0x00012083) lw      x1, 0(x2)
core   2: 3 0x800002d8 (0x00012083) x1  0x800000c4 mem 0x70000810
core   3: 0x800002d8 (0x00012083) lw      x1, 0(x2)
core   3: 3 0x800002d8 (0x00012083) x1  0x800000c4 mem 0x70000c10
core   0: 0x800002dc (0xffc10113) addi    x2, x2, -4
core   0: 3 0x800002dc (0xffc10113) x2  0x7000000c
core   1: 0x800002dc (0xffc10113) addi    x2, x2, -4
core   1: 3 0x800002dc (0xffc10113) x2  0x7000040c
core   2: 0x800002dc (0xffc10113) addi    x2, x2, -4
core   2: 3 0x800002dc (0xffc10113) x2  0x7000080c
core   3: 0x800002dc (0xffc10113) addi    x2, x2, -4
core   3: 3 0x800002dc (0xffc10113) x2  0x70000c0c
core   0: 0x800002e0 (0x00008067) ret
core   0: 3 0x800002e0 (0x00008067)
core   1: 0x800002e0 (0x00008067) ret
core   1: 3 0x800002e0 (0x00008067)
core   2: 0x800002e0 (0x00008067) ret
core   2: 3 0x800002e0 (0x00008067)
core   3: 0x800002e0 (0x00008067) ret
core   3: 3 0x800002e0 (0x00008067)
core   0: 0x800000c4 (0xffc12283) lw      x5, -4(x2)
core   0: 3 0x800000c4 (0xffc12283) x5  0x00000040 mem 0x70000008
core   1: 0x800000c4 (0xffc12283) lw      x5, -4(x2)
core   1: 3 0x800000c4 (0xffc12283) x5  0x00000040 mem 0x70000408
core   2: 0x800000c4 (0xffc12283) lw      x5, -4(x2)
core   2: 3 0x800000c4 (0xffc12283) x5  0x00000040 mem 0x70000808
core   3: 0x800000c4 (0xffc12283) lw      x5, -4(x2)
core   3: 3 0x800000c4 (0xffc12283) x5  0x00000040 mem 0x70000c08
core   0: 0x800000c8 (0x5e02c0d7) vmv.v.x v1, x5
core   0: 3 0x800000c8 (0x5e02c0d7) c8_vstart 0x00000000 e32 m1 l16 v1  0000ffff 0x00000040 00000040 00000040 00000040 00000040 00000040 00000040 00000040 00000040 00000040 00000040 00000040 00000040 00000040 00000040 00000040 
core   1: 0x800000c8 (0x5e02c0d7) vmv.v.x v1, x5
core   1: 3 0x800000c8 (0x5e02c0d7) c8_vstart 0x00000000 e32 m1 l16 v1  0000ffff 0x00000040 00000040 00000040 00000040 00000040 00000040 00000040 00000040 00000040 00000040 00000040 00000040 00000040 00000040 00000040 00000040 
core   2: 0x800000c8 (0x5e02c0d7) vmv.v.x v1, x5
core   2: 3 0x800000c8 (0x5e02c0d7) c8_vstart 0x00000000 e32 m1 l16 v1  0000ffff 0x00000040 00000040 00000040 00000040 00000040 00000040 00000040 00000040 00000040 00000040 00000040 00000040 00000040 00000040 00000040 00000040 
core   3: 0x800000c8 (0x5e02c0d7) vmv.v.x v1, x5
core   3: 3 0x800000c8 (0x5e02c0d7) c8_vstart 0x00000000 e32 m1 l16 v1  0000ffff 0x00000040 00000040 00000040 00000040 00000040 00000040 00000040 00000040 00000040 00000040 00000040 00000040 00000040 00000040 00000040 00000040 
core   0: 0x800000cc (0x00000317) auipc   x6, 0x0
core   0: 3 0x800000cc (0x00000317) x6  0x800000cc
core   1: 0x800000cc (0x00000317) auipc   x6, 0x0
core   1: 3 0x800000cc (0x00000317) x6  0x800000cc
core   2: 0x800000cc (0x00000317) auipc   x6, 0x0
core   2: 3 0x800000cc (0x00000317) x6  0x800000cc
core   3: 0x800000cc (0x00000317) auipc   x6, 0x0
core   3: 3 0x800000cc (0x00000317) x6  0x800000cc
core   0: 0x800000d0 (0x1003305b) setrpc  x0, x6, 256
core   0: 3 0x800000d0 (0x1003305b) c2060_rpc 0x800001cc current mask:	0000ffff current npc:	800002b8 stack size: 0
core   1: 0x800000d0 (0x1003305b) setrpc  x0, x6, 256
core   1: 3 0x800000d0 (0x1003305b) c2060_rpc 0x800001cc current mask:	0000ffff current npc:	800002b8 stack size: 0
core   2: 0x800000d0 (0x1003305b) setrpc  x0, x6, 256
core   2: 3 0x800000d0 (0x1003305b) c2060_rpc 0x800001cc current mask:	0000ffff current npc:	800002b8 stack size: 0
core   3: 0x800000d0 (0x1003305b) setrpc  x0, x6, 256
core   3: 3 0x800000d0 (0x1003305b) c2060_rpc 0x800001cc current mask:	0000ffff current npc:	800002b8 stack size: 0
core   0: 0x800000d4 (0x0e00dc5b) vbge    v0, v1, pc + 248
core   0: 3 0x800000d4 (0x0e00dc5b) c8_vstart 0x00000000 e32 m1 l16 current mask:	0000ffff current npc:	800000d8 stack size: 0
core   1: 0x800000d4 (0x0e00dc5b) vbge    v0, v1, pc + 248
core   1: 3 0x800000d4 (0x0e00dc5b) c8_vstart 0x00000000 e32 m1 l16 current mask:	0000ffff current npc:	800000d8 stack size: 0
core   2: 0x800000d4 (0x0e00dc5b) vbge    v0, v1, pc + 248
core   2: 3 0x800000d4 (0x0e00dc5b) c8_vstart 0x00000000 e32 m1 l16 current mask:	0000ffff current npc:	800000d8 stack size: 0
core   3: 0x800000d4 (0x0e00dc5b) vbge    v0, v1, pc + 248
core   3: 3 0x800000d4 (0x0e00dc5b) c8_vstart 0x00000000 e32 m1 l16 current mask:	0000ffff current npc:	800000d8 stack size: 0
core   0: 0x800000d8 (0xff812283) lw      x5, -8(x2)
core   0: 3 0x800000d8 (0xff812283) x5  0x90217000 mem 0x70000004
core   1: 0x800000d8 (0xff812283) lw      x5, -8(x2)
core   1: 3 0x800000d8 (0xff812283) x5  0x90217000 mem 0x70000404
core   2: 0x800000d8 (0xff812283) lw      x5, -8(x2)
core   2: 3 0x800000d8 (0xff812283) x5  0x90217000 mem 0x70000804
core   3: 0x800000d8 (0xff812283) lw      x5, -8(x2)
core   3: 3 0x800000d8 (0xff812283) x5  0x90217000 mem 0x70000c04
core   0: 0x800000dc (0x0082a283) lw      x5, 8(x5)
core   0: 3 0x800000dc (0x0082a283) x5  0x90002000 mem 0x90217008
core   1: 0x800000dc (0x0082a283) lw      x5, 8(x5)
core   1: 3 0x800000dc (0x0082a283) x5  0x90002000 mem 0x90217008
core   2: 0x800000dc (0x0082a283) lw      x5, 8(x5)
core   2: 3 0x800000dc (0x0082a283) x5  0x90002000 mem 0x90217008
core   3: 0x800000dc (0x0082a283) lw      x5, 8(x5)
core   3: 3 0x800000dc (0x0082a283) x5  0x90002000 mem 0x90217008
core   0: 0x800000e0 (0x0202c0d7) vadd.vx v1, v0, x5
core   0: 3 0x800000e0 (0x0202c0d7) c8_vstart 0x00000000 e32 m1 l16 v1  0000ffff 0x9000200f 9000200e 9000200d 9000200c 9000200b 9000200a 90002009 90002008 90002007 90002006 90002005 90002004 90002003 90002002 90002001 90002000 
core   1: 0x800000e0 (0x0202c0d7) vadd.vx v1, v0, x5
core   1: 3 0x800000e0 (0x0202c0d7) c8_vstart 0x00000000 e32 m1 l16 v1  0000ffff 0x9000201f 9000201e 9000201d 9000201c 9000201b 9000201a 90002019 90002018 90002017 90002016 90002015 90002014 90002013 90002012 90002011 90002010 
core   2: 0x800000e0 (0x0202c0d7) vadd.vx v1, v0, x5
core   2: 3 0x800000e0 (0x0202c0d7) c8_vstart 0x00000000 e32 m1 l16 v1  0000ffff 0x9000202f 9000202e 9000202d 9000202c 9000202b 9000202a 90002029 90002028 90002027 90002026 90002025 90002024 90002023 90002022 90002021 90002020 
core   3: 0x800000e0 (0x0202c0d7) vadd.vx v1, v0, x5
core   3: 3 0x800000e0 (0x0202c0d7) c8_vstart 0x00000000 e32 m1 l16 v1  0000ffff 0x9000203f 9000203e 9000203d 9000203c 9000203b 9000203a 90002039 90002038 90002037 90002036 90002035 90002034 90002033 90002032 90002031 90002030 
core   0: 0x800000e4 (0x0000c17b) vlbu12.v v2, v1, 0
core   0: 3 0x800000e4 (0x0000c17b) e32 m1 l16 v2  0000ffff 0x00000000 00000000 00000000 00000000 00000000 00000000 00000000 00000000 00000000 00000000 00000000 00000000 00000000 00000000 00000000 00000000  c8_vstart 0x00000000 mem 0x90002000 mem 0x90002001 mem 0x90002002 mem 0x90002003 mem 0x90002004 mem 0x90002005 mem 0x90002006 mem 0x90002007 mem 0x90002008 mem 0x90002009 mem 0x9000200a mem 0x9000200b mem 0x9000200c mem 0x9000200d mem 0x9000200e mem 0x9000200f
core   1: 0x800000e4 (0x0000c17b) vlbu12.v v2, v1, 0
core   1: 3 0x800000e4 (0x0000c17b) e32 m1 l16 v2  0000ffff 0x00000000 00000000 00000000 00000000 00000000 00000000 00000000 00000000 00000000 00000000 00000000 00000000 00000000 00000000 00000000 00000000  c8_vstart 0x00000000 mem 0x90002010 mem 0x90002011 mem 0x90002012 mem 0x90002013 mem 0x90002014 mem 0x90002015 mem 0x90002016 mem 0x90002017 mem 0x90002018 mem 0x90002019 mem 0x9000201a mem 0x9000201b mem 0x9000201c mem 0x9000201d mem 0x9000201e mem 0x9000201f
core   2: 0x800000e4 (0x0000c17b) vlbu12.v v2, v1, 0
core   2: 3 0x800000e4 (0x0000c17b) e32 m1 l16 v2  0000ffff 0x00000000 00000000 00000000 00000000 00000000 00000000 00000000 00000000 00000001 00000000 00000000 00000000 00000000 00000000 00000000 00000000  c8_vstart 0x00000000 mem 0x90002020 mem 0x90002021 mem 0x90002022 mem 0x90002023 mem 0x90002024 mem 0x90002025 mem 0x90002026 mem 0x90002027 mem 0x90002028 mem 0x90002029 mem 0x9000202a mem 0x9000202b mem 0x9000202c mem 0x9000202d mem 0x9000202e mem 0x9000202f
core   3: 0x800000e4 (0x0000c17b) vlbu12.v v2, v1, 0
core   3: 3 0x800000e4 (0x0000c17b) e32 m1 l16 v2  0000ffff 0x00000000 00000000 00000000 00000000 00000000 00000000 00000000 00000000 00000000 00000000 00000000 00000000 00000000 00000000 00000000 00000000  c8_vstart 0x00000000 mem 0x90002030 mem 0x90002031 mem 0x90002032 mem 0x90002033 mem 0x90002034 mem 0x90002035 mem 0x90002036 mem 0x90002037 mem 0x90002038 mem 0x90002039 mem 0x9000203a mem 0x9000203b mem 0x9000203c mem 0x9000203d mem 0x9000203e mem 0x9000203f
core   0: 0x800000e8 (0x5e0041d7) vmv.v.x v3, x0
core   0: 3 0x800000e8 (0x5e0041d7) c8_vstart 0x00000000 e32 m1 l16 v3  0000ffff 0x00000000 00000000 00000000 00000000 00000000 00000000 00000000 00000000 00000000 00000000 00000000 00000000 00000000 00000000 00000000 00000000 
core   1: 0x800000e8 (0x5e0041d7) vmv.v.x v3, x0
core   1: 3 0x800000e8 (0x5e0041d7) c8_vstart 0x00000000 e32 m1 l16 v3  0000ffff 0x00000000 00000000 00000000 00000000 00000000 00000000 00000000 00000000 00000000 00000000 00000000 00000000 00000000 00000000 00000000 00000000 
core   2: 0x800000e8 (0x5e0041d7) vmv.v.x v3, x0
core   2: 3 0x800000e8 (0x5e0041d7) c8_vstart 0x00000000 e32 m1 l16 v3  0000ffff 0x00000000 00000000 00000000 00000000 00000000 00000000 00000000 00000000 00000000 00000000 00000000 00000000 00000000 00000000 00000000 00000000 
core   3: 0x800000e8 (0x5e0041d7) vmv.v.x v3, x0
core   3: 3 0x800000e8 (0x5e0041d7) c8_vstart 0x00000000 e32 m1 l16 v3  0000ffff 0x00000000 00000000 00000000 00000000 00000000 00000000 00000000 00000000 00000000 00000000 00000000 00000000 00000000 00000000 00000000 00000000 
core   0: 0x800000ec (0x00000317) auipc   x6, 0x0
core   0: 3 0x800000ec (0x00000317) x6  0x800000ec
core   1: 0x800000ec (0x00000317) auipc   x6, 0x0
core   1: 3 0x800000ec (0x00000317) x6  0x800000ec
core   2: 0x800000ec (0x00000317) auipc   x6, 0x0
core   2: 3 0x800000ec (0x00000317) x6  0x800000ec
core   3: 0x800000ec (0x00000317) auipc   x6, 0x0
core   3: 3 0x800000ec (0x00000317) x6  0x800000ec
core   0: 0x800000f0 (0x0e03305b) setrpc  x0, x6, 224
core   0: 3 0x800000f0 (0x0e03305b) c2060_rpc 0x800001cc current mask:	0000ffff current npc:	800000d8 stack size: 0
core   1: 0x800000f0 (0x0e03305b) setrpc  x0, x6, 224
core   1: 3 0x800000f0 (0x0e03305b) c2060_rpc 0x800001cc current mask:	0000ffff current npc:	800000d8 stack size: 0
core   2: 0x800000f0 (0x0e03305b) setrpc  x0, x6, 224
core   2: 3 0x800000f0 (0x0e03305b) c2060_rpc 0x800001cc current mask:	0000ffff current npc:	800000d8 stack size: 0
core   3: 0x800000f0 (0x0e03305b) setrpc  x0, x6, 224
core   3: 3 0x800000f0 (0x0e03305b) c2060_rpc 0x800001cc current mask:	0000ffff current npc:	800000d8 stack size: 0
core   0: 0x800000f4 (0x0c218c5b) vbeq    v2, v3, pc + 216
core   0: 3 0x800000f4 (0x0c218c5b) c8_vstart 0x00000000 e32 m1 l16 current mask:	0000ffff current npc:	800001cc stack size: 0
core   1: 0x800000f4 (0x0c218c5b) vbeq    v2, v3, pc + 216
core   1: 3 0x800000f4 (0x0c218c5b) c8_vstart 0x00000000 e32 m1 l16 current mask:	0000ffff current npc:	800001cc stack size: 0
core   2: 0x800000f4 (0x0c218c5b) vbeq    v2, v3, pc + 216
core   2: 3 0x800000f4 (0x0c218c5b) c8_vstart 0x00000000 e32 m1 l16 current mask:	00000080 current npc:	800000f8 stack size: 2
[r_pc] 800001cc [else_pc] 800001cc [else_mask] 0000ff7f 
[r_pc] 800001cc [else_pc] 800001cc [else_mask] 0000ffff 
core   3: 0x800000f4 (0x0c218c5b) vbeq    v2, v3, pc + 216
core   3: 3 0x800000f4 (0x0c218c5b) c8_vstart 0x00000000 e32 m1 l16 current mask:	0000ffff current npc:	800001cc stack size: 0
core   0: 0x800001cc (0x0000205b) join    v0, v0, pc + 0
core   0: 3 0x800001cc (0x0000205b) current mask:	0000ffff current npc:	800001cc stack size: 0
core   1: 0x800001cc (0x0000205b) join    v0, v0, pc + 0
core   1: 3 0x800001cc (0x0000205b) current mask:	0000ffff current npc:	800001cc stack size: 0
core   2: 0x800000f8 (0xff812283) lw      x5, -8(x2)
core   2: 3 0x800000f8 (0xff812283) x5  0x90217000 mem 0x70000804
core   3: 0x800001cc (0x0000205b) join    v0, v0, pc + 0
core   3: 3 0x800001cc (0x0000205b) current mask:	0000ffff current npc:	800001cc stack size: 0
core   0: 0x800001d0 (0x00012083) lw      x1, 0(x2)
core   0: 3 0x800001d0 (0x00012083) x1  0x80000090 mem 0x7000000c
core   1: 0x800001d0 (0x00012083) lw      x1, 0(x2)
core   1: 3 0x800001d0 (0x00012083) x1  0x80000090 mem 0x7000040c
core   2: 0x800000fc (0x0002a283) lw      x5, 0(x5)
core   2: 3 0x800000fc (0x0002a283) x5  0x90000000 mem 0x90217000
core   3: 0x800001d0 (0x00012083) lw      x1, 0(x2)
core   3: 3 0x800001d0 (0x00012083) x1  0x80000090 mem 0x70000c0c
core   0: 0x800001d4 (0xff410113) addi    x2, x2, -12
core   0: 3 0x800001d4 (0xff410113) x2  0x70000000
core   1: 0x800001d4 (0xff410113) addi    x2, x2, -12
core   1: 3 0x800001d4 (0xff410113) x2  0x70000400
core   2: 0x80000100 (0x5e004157) vmv.v.x v2, x0
core   2: 3 0x80000100 (0x5e004157) c8_vstart 0x00000000 e32 m1 l16 v2  00000080 0x00000000 00000000 00000000 00000000 00000000 00000000 00000000 00000000 00000000 00000000 00000000 00000000 00000000 00000000 00000000 00000000 
core   3: 0x800001d4 (0xff410113) addi    x2, x2, -12
core   3: 3 0x800001d4 (0xff410113) x2  0x70000c00
core   0: 0x800001d8 (0x00008067) ret
core   0: 3 0x800001d8 (0x00008067)
core   1: 0x800001d8 (0x00008067) ret
core   1: 3 0x800001d8 (0x00008067)
core   2: 0x80000104 (0x5e02c1d7) vmv.v.x v3, x5
core   2: 3 0x80000104 (0x5e02c1d7) c8_vstart 0x00000000 e32 m1 l16 v3  00000080 0x00000000 00000000 00000000 00000000 00000000 00000000 00000000 00000000 90000000 00000000 00000000 00000000 00000000 00000000 00000000 00000000 
core   3: 0x800001d8 (0x00008067) ret
core   3: 3 0x800001d8 (0x00008067)
core   0: 0x80000090 (0x0000400b) endprg  x0, x0, x0
core   0: 3 0x80000090 (0x0000400b)
core   1: 0x80000090 (0x0000400b) endprg  x0, x0, x0
core   1: 3 0x80000090 (0x0000400b)
core   2: 0x80000108 (0x0020f07b) vsb12.v v2, v1, 0
core   2: 3 0x80000108 (0x0020f07b) c8_vstart 0x00000000 e32 m1 l16 mem 0x90002027 0x0
core   3: 0x80000090 (0x0000400b) endprg  x0, x0, x0
core   3: 3 0x80000090 (0x0000400b)
core   2: 0x8000010c (0x9601b0d7) vsll.vi v1, v0, 3
core   2: 3 0x8000010c (0x9601b0d7) c8_vstart 0x00000000 e32 m1 l16 v1  00000080 0x9000202f 9000202e 9000202d 9000202c 9000202b 9000202a 90002029 90002028 00000138 90002026 90002025 90002024 90002023 90002022 90002021 90002020 
core   2: 0x80000110 (0x023080d7) vadd.vv v1, v3, v1
core   2: 3 0x80000110 (0x023080d7) c8_vstart 0x00000000 e32 m1 l16 v1  00000080 0x9000202f 9000202e 9000202d 9000202c 9000202b 9000202a 90002029 90002028 90000138 90002026 90002025 90002024 90002023 90002022 90002021 90002020 
core   2: 0x80000114 (0x0040a1fb) vlw12.v v3, v1, 4
core   2: 3 0x80000114 (0x0040a1fb) e32 m1 l16 v3  00000080 0x00000000 00000000 00000000 00000000 00000000 00000000 00000000 00000000 00000004 00000000 00000000 00000000 00000000 00000000 00000000 00000000  c8_vstart 0x00000000 mem 0x9000013c
core   2: 0x80000118 (0x00000317) auipc   x6, 0x0
core   2: 3 0x80000118 (0x00000317) x6  0x80000118
core   2: 0x8000011c (0x0b43305b) setrpc  x0, x6, 180
core   2: 3 0x8000011c (0x0b43305b) c2060_rpc 0x800001cc current mask:	00000080 current npc:	800000f8 stack size: 2
[r_pc] 800001cc [else_pc] 800001cc [else_mask] 0000ff7f 
[r_pc] 800001cc [else_pc] 800001cc [else_mask] 0000ffff 
core   2: 0x80000120 (0x0a21d65b) vbge    v2, v3, pc + 172
core   2: 3 0x80000120 (0x0a21d65b) c8_vstart 0x00000000 e32 m1 l16 current mask:	00000080 current npc:	80000124 stack size: 2
[r_pc] 800001cc [else_pc] 800001cc [else_mask] 0000ff7f 
[r_pc] 800001cc [else_pc] 800001cc [else_mask] 0000ffff 
core   2: 0x80000124 (0xff812403) lw      x8, -8(x2)
core   2: 3 0x80000124 (0xff812403) x8  0x90217000 mem 0x70000804
core   2: 0x80000128 (0x01442283) lw      x5, 20(x8)
core   2: 3 0x80000128 (0x01442283) x5  0x90005000 mem 0x90217014
core   2: 0x8000012c (0x01042303) lw      x6, 16(x8)
core   2: 3 0x8000012c (0x01042303) x6  0x90004000 mem 0x90217010
core   2: 0x80000130 (0x00c42383) lw      x7, 12(x8)
core   2: 3 0x80000130 (0x00c42383) x7  0x90003000 mem 0x9021700c
core   2: 0x80000134 (0x00442403) lw      x8, 4(x8)
core   2: 3 0x80000134 (0x00442403) x8  0x90001000 mem 0x90217004
core   2: 0x80000138 (0x5e02c157) vmv.v.x v2, x5
core   2: 3 0x80000138 (0x5e02c157) c8_vstart 0x00000000 e32 m1 l16 v2  00000080 0x00000000 00000000 00000000 00000000 00000000 00000000 00000000 00000000 90005000 00000000 00000000 00000000 00000000 00000000 00000000 00000000 
core   2: 0x8000013c (0x5e0341d7) vmv.v.x v3, x6
core   2: 3 0x8000013c (0x5e0341d7) c8_vstart 0x00000000 e32 m1 l16 v3  00000080 0x00000000 00000000 00000000 00000000 00000000 00000000 00000000 00000000 90004000 00000000 00000000 00000000 00000000 00000000 00000000 00000000 
core   2: 0x80000140 (0x5e03c257) vmv.v.x v4, x7
core   2: 3 0x80000140 (0x5e03c257) c8_vstart 0x00000000 e32 m1 l16 v4  00000080 0x00000000 00000000 00000000 00000000 00000000 00000000 00000000 00000000 90003000 00000000 00000000 00000000 00000000 00000000 00000000 00000000 
core   2: 0x80000144 (0x5e0443d7) vmv.v.x v7, x8
core   2: 3 0x80000144 (0x5e0443d7) c8_vstart 0x00000000 e32 m1 l16 v7  00000080 0x00000000 00000000 00000000 00000000 00000000 00000000 00000000 00000000 90001000 00000000 00000000 00000000 00000000 00000000 00000000 00000000 
core   2: 0x80000148 (0x021232d7) vadd.vi v5, v1, 4
core   2: 3 0x80000148 (0x021232d7) c8_vstart 0x00000000 e32 m1 l16 v5  00000080 0x00000000 00000000 00000000 00000000 00000000 00000000 00000000 00000000 9000013c 00000000 00000000 00000000 00000000 00000000 00000000 00000000 
core   2: 0x8000014c (0x0000a37b) vlw12.v v6, v1, 0
core   2: 3 0x8000014c (0x0000a37b) e32 m1 l16 v6  00000080 0x00000000 00000000 00000000 00000000 00000000 00000000 00000000 00000000 000000e9 00000000 00000000 00000000 00000000 00000000 00000000 00000000  c8_vstart 0x00000000 mem 0x90000138
core   2: 0x80000150 (0x96013057) vsll.vi v0, v0, 2
core   2: 3 0x80000150 (0x96013057) c8_vstart 0x00000000 e32 m1 l16 v0  00000080 0x0000002f 0000002e 0000002d 0000002c 0000002b 0000002a 00000029 00000028 0000009c 00000026 00000025 00000024 00000023 00000022 00000021 00000020 
core   2: 0x80000154 (0x02200057) vadd.vv v0, v2, v0
core   2: 3 0x80000154 (0x02200057) c8_vstart 0x00000000 e32 m1 l16 v0  00000080 0x0000002f 0000002e 0000002d 0000002c 0000002b 0000002a 00000029 00000028 9000509c 00000026 00000025 00000024 00000023 00000022 00000021 00000020 
core   2: 0x80000158 (0x96613457) vsll.vi v8, v6, 2
core   2: 3 0x80000158 (0x96613457) c8_vstart 0x00000000 e32 m1 l16 v8  00000080 0x00000000 00000000 00000000 00000000 00000000 00000000 00000000 00000000 000003a4 00000000 00000000 00000000 00000000 00000000 00000000 00000000 
core   2: 0x8000015c (0x027403d7) vadd.vv v7, v7, v8
core   2: 3 0x8000015c (0x027403d7) c8_vstart 0x00000000 e32 m1 l16 v7  00000080 0x00000000 00000000 00000000 00000000 00000000 00000000 00000000 00000000 900013a4 00000000 00000000 00000000 00000000 00000000 00000000 00000000 
core   2: 0x80000160 (0x00100293) li      x5, 1
core   2: 3 0x80000160 (0x00100293) x5  0x00000001
core   2: 0x80000164 (0x0280006f) j       pc + 0x28
core   2: 3 0x80000164 (0x0280006f)
core   2: 0x8000018c (0x0003a47b) vlw12.v v8, v7, 0
core   2: 3 0x8000018c (0x0003a47b) e32 m1 l16 v8  00000080 0x00000000 00000000 00000000 00000000 00000000 00000000 00000000 00000000 00000015 00000000 00000000 00000000 00000000 00000000 00000000 00000000  c8_vstart 0x00000000 mem 0x900013a4
core   2: 0x80000190 (0x023404d7) vadd.vv v9, v3, v8
core   2: 3 0x80000190 (0x023404d7) c8_vstart 0x00000000 e32 m1 l16 v9  00000080 0x00000000 00000000 00000000 00000000 00000000 00000000 00000000 00000000 90004015 00000000 00000000 00000000 00000000 00000000 00000000 00000000 
core   2: 0x80000194 (0x0004c4fb) vlbu12.v v9, v9, 0
core   2: 3 0x80000194 (0x0004c4fb) e32 m1 l16 v9  00000080 0x00000000 00000000 00000000 00000000 00000000 00000000 00000000 00000000 00000001 00000000 00000000 00000000 00000000 00000000 00000000 00000000  c8_vstart 0x00000000 mem 0x90004015
core   2: 0x80000198 (0x5e004557) vmv.v.x v10, x0
core   2: 3 0x80000198 (0x5e004557) c8_vstart 0x00000000 e32 m1 l16 v10 00000080 0x00000000 00000000 00000000 00000000 00000000 00000000 00000000 00000000 00000000 00000000 00000000 00000000 00000000 00000000 00000000 00000000 
core   2: 0x8000019c (0x00000317) auipc   x6, 0x0
core   2: 3 0x8000019c (0x00000317) x6  0x8000019c
core   2: 0x800001a0 (0xfcc3305b) setrpc  x0, x6, -52
core   2: 3 0x800001a0 (0xfcc3305b) c2060_rpc 0x80000168 current mask:	00000080 current npc:	80000124 stack size: 2
[r_pc] 800001cc [else_pc] 800001cc [else_mask] 0000ff7f 
[r_pc] 800001cc [else_pc] 800001cc [else_mask] 0000ffff 
core   2: 0x800001a4 (0xfc9512db) vbne    v9, v10, pc - 60
core   2: 3 0x800001a4 (0xfc9512db) c8_vstart 0x00000000 e32 m1 l16 current mask:	00000080 current npc:	80000168 stack size: 2
[r_pc] 800001cc [else_pc] 800001cc [else_mask] 0000ff7f 
[r_pc] 800001cc [else_pc] 800001cc [else_mask] 0000ffff 
core   2: 0x80000168 (0x0000205b) join    v0, v0, pc + 0
core   2: 3 0x80000168 (0x0000205b) current mask:	00000080 current npc:	80000168 stack size: 2
[r_pc] 800001cc [else_pc] 800001cc [else_mask] 0000ff7f 
[r_pc] 800001cc [else_pc] 800001cc [else_mask] 0000ffff 
core   2: 0x8000016c (0x0002a47b) vlw12.v v8, v5, 0
core   2: 3 0x8000016c (0x0002a47b) e32 m1 l16 v8  00000080 0x00000000 00000000 00000000 00000000 00000000 00000000 00000000 00000000 00000004 00000000 00000000 00000000 00000000 00000000 00000000 00000000  c8_vstart 0x00000000 mem 0x9000013c
core   2: 0x80000170 (0x0000a4fb) vlw12.v v9, v1, 0
core   2: 3 0x80000170 (0x0000a4fb) e32 m1 l16 v9  00000080 0x00000000 00000000 00000000 00000000 00000000 00000000 00000000 00000000 000000e9 00000000 00000000 00000000 00000000 00000000 00000000 00000000  c8_vstart 0x00000000 mem 0x90000138
core   2: 0x80000174 (0x0260b357) vadd.vi v6, v6, 1
core   2: 3 0x80000174 (0x0260b357) c8_vstart 0x00000000 e32 m1 l16 v6  00000080 0x00000000 00000000 00000000 00000000 00000000 00000000 00000000 00000000 000000ea 00000000 00000000 00000000 00000000 00000000 00000000 00000000 
core   2: 0x80000178 (0x02940457) vadd.vv v8, v9, v8
core   2: 3 0x80000178 (0x02940457) c8_vstart 0x00000000 e32 m1 l16 v8  00000080 0x00000000 00000000 00000000 00000000 00000000 00000000 00000000 00000000 000000ed 00000000 00000000 00000000 00000000 00000000 00000000 00000000 
core   2: 0x8000017c (0x027233d7) vadd.vi v7, v7, 4
core   2: 3 0x8000017c (0x027233d7) c8_vstart 0x00000000 e32 m1 l16 v7  00000080 0x00000000 00000000 00000000 00000000 00000000 00000000 00000000 00000000 900013a8 00000000 00000000 00000000 00000000 00000000 00000000 00000000 
core   2: 0x80000180 (0x00000317) auipc   x6, 0x0
core   2: 3 0x80000180 (0x00000317) x6  0x80000180
core   2: 0x80000184 (0x04c3305b) setrpc  x0, x6, 76
core   2: 3 0x80000184 (0x04c3305b) c2060_rpc 0x800001cc current mask:	00000080 current npc:	80000168 stack size: 2
[r_pc] 800001cc [else_pc] 800001cc [else_mask] 0000ff7f 
[r_pc] 800001cc [else_pc] 800001cc [else_mask] 0000ffff 
core   2: 0x80000188 (0x0464525b) vbge    v6, v8, pc + 68
core   2: 3 0x80000188 (0x0464525b) c8_vstart 0x00000000 e32 m1 l16 current mask:	00000080 current npc:	8000018c stack size: 2
[r_pc] 800001cc [else_pc] 800001cc [else_mask] 0000ff7f 
[r_pc] 800001cc [else_pc] 800001cc [else_mask] 0000ffff 
core   2: 0x8000018c (0x0003a47b) vlw12.v v8, v7, 0
core   2: 3 0x8000018c (0x0003a47b) e32 m1 l16 v8  00000080 0x00000000 00000000 00000000 00000000 00000000 00000000 00000000 00000000 00000027 00000000 00000000 00000000 00000000 00000000 00000000 00000000  c8_vstart 0x00000000 mem 0x900013a8
core   2: 0x80000190 (0x023404d7) vadd.vv v9, v3, v8
core   2: 3 0x80000190 (0x023404d7) c8_vstart 0x00000000 e32 m1 l16 v9  00000080 0x00000000 00000000 00000000 00000000 00000000 00000000 00000000 00000000 90004027 00000000 00000000 00000000 00000000 00000000 00000000 00000000 
core   2: 0x80000194 (0x0004c4fb) vlbu12.v v9, v9, 0
core   2: 3 0x80000194 (0x0004c4fb) e32 m1 l16 v9  00000080 0x00000000 00000000 00000000 00000000 00000000 00000000 00000000 00000000 00000001 00000000 00000000 00000000 00000000 00000000 00000000 00000000  c8_vstart 0x00000000 mem 0x90004027
core   2: 0x80000198 (0x5e004557) vmv.v.x v10, x0
core   2: 3 0x80000198 (0x5e004557) c8_vstart 0x00000000 e32 m1 l16 v10 00000080 0x00000000 00000000 00000000 00000000 00000000 00000000 00000000 00000000 00000000 00000000 00000000 00000000 00000000 00000000 00000000 00000000 
core   2: 0x8000019c (0x00000317) auipc   x6, 0x0
core   2: 3 0x8000019c (0x00000317) x6  0x8000019c
core   2: 0x800001a0 (0xfcc3305b) setrpc  x0, x6, -52
core   2: 3 0x800001a0 (0xfcc3305b) c2060_rpc 0x80000168 current mask:	00000080 current npc:	8000018c stack size: 2
[r_pc] 800001cc [else_pc] 800001cc [else_mask] 0000ff7f 
[r_pc] 800001cc [else_pc] 800001cc [else_mask] 0000ffff 
core   2: 0x800001a4 (0xfc9512db) vbne    v9, v10, pc - 60
core   2: 3 0x800001a4 (0xfc9512db) c8_vstart 0x00000000 e32 m1 l16 current mask:	00000080 current npc:	80000168 stack size: 2
[r_pc] 800001cc [else_pc] 800001cc [else_mask] 0000ff7f 
[r_pc] 800001cc [else_pc] 800001cc [else_mask] 0000ffff 
core   2: 0x80000168 (0x0000205b) join    v0, v0, pc + 0
core   2: 3 0x80000168 (0x0000205b) current mask:	00000080 current npc:	80000168 stack size: 2
[r_pc] 800001cc [else_pc] 800001cc [else_mask] 0000ff7f 
[r_pc] 800001cc [else_pc] 800001cc [else_mask] 0000ffff 
core   2: 0x8000016c (0x0002a47b) vlw12.v v8, v5, 0
core   2: 3 0x8000016c (0x0002a47b) e32 m1 l16 v8  00000080 0x00000000 00000000 00000000 00000000 00000000 00000000 00000000 00000000 00000004 00000000 00000000 00000000 00000000 00000000 00000000 00000000  c8_vstart 0x00000000 mem 0x9000013c
core   2: 0x80000170 (0x0000a4fb) vlw12.v v9, v1, 0
core   2: 3 0x80000170 (0x0000a4fb) e32 m1 l16 v9  00000080 0x00000000 00000000 00000000 00000000 00000000 00000000 00000000 00000000 000000e9 00000000 00000000 00000000 00000000 00000000 00000000 00000000  c8_vstart 0x00000000 mem 0x90000138
core   2: 0x80000174 (0x0260b357) vadd.vi v6, v6, 1
core   2: 3 0x80000174 (0x0260b357) c8_vstart 0x00000000 e32 m1 l16 v6  00000080 0x00000000 00000000 00000000 00000000 00000000 00000000 00000000 00000000 000000eb 00000000 00000000 00000000 00000000 00000000 00000000 00000000 
core   2: 0x80000178 (0x02940457) vadd.vv v8, v9, v8
core   2: 3 0x80000178 (0x02940457) c8_vstart 0x00000000 e32 m1 l16 v8  00000080 0x00000000 00000000 00000000 00000000 00000000 00000000 00000000 00000000 000000ed 00000000 00000000 00000000 00000000 00000000 00000000 00000000 
core   2: 0x8000017c (0x027233d7) vadd.vi v7, v7, 4
core   2: 3 0x8000017c (0x027233d7) c8_vstart 0x00000000 e32 m1 l16 v7  00000080 0x00000000 00000000 00000000 00000000 00000000 00000000 00000000 00000000 900013ac 00000000 00000000 00000000 00000000 00000000 00000000 00000000 
core   2: 0x80000180 (0x00000317) auipc   x6, 0x0
core   2: 3 0x80000180 (0x00000317) x6  0x80000180
core   2: 0x80000184 (0x04c3305b) setrpc  x0, x6, 76
core   2: 3 0x80000184 (0x04c3305b) c2060_rpc 0x800001cc current mask:	00000080 current npc:	80000168 stack size: 2
[r_pc] 800001cc [else_pc] 800001cc [else_mask] 0000ff7f 
[r_pc] 800001cc [else_pc] 800001cc [else_mask] 0000ffff 
core   2: 0x80000188 (0x0464525b) vbge    v6, v8, pc + 68
core   2: 3 0x80000188 (0x0464525b) c8_vstart 0x00000000 e32 m1 l16 current mask:	00000080 current npc:	8000018c stack size: 2
[r_pc] 800001cc [else_pc] 800001cc [else_mask] 0000ff7f 
[r_pc] 800001cc [else_pc] 800001cc [else_mask] 0000ffff 
core   2: 0x8000018c (0x0003a47b) vlw12.v v8, v7, 0
core   2: 3 0x8000018c (0x0003a47b) e32 m1 l16 v8  00000080 0x00000000 00000000 00000000 00000000 00000000 00000000 00000000 00000000 00000027 00000000 00000000 00000000 00000000 00000000 00000000 00000000  c8_vstart 0x00000000 mem 0x900013ac
core   2: 0x80000190 (0x023404d7) vadd.vv v9, v3, v8
core   2: 3 0x80000190 (0x023404d7) c8_vstart 0x00000000 e32 m1 l16 v9  00000080 0x00000000 00000000 00000000 00000000 00000000 00000000 00000000 00000000 90004027 00000000 00000000 00000000 00000000 00000000 00000000 00000000 
core   2: 0x80000194 (0x0004c4fb) vlbu12.v v9, v9, 0
core   2: 3 0x80000194 (0x0004c4fb) e32 m1 l16 v9  00000080 0x00000000 00000000 00000000 00000000 00000000 00000000 00000000 00000000 00000001 00000000 00000000 00000000 00000000 00000000 00000000 00000000  c8_vstart 0x00000000 mem 0x90004027
core   2: 0x80000198 (0x5e004557) vmv.v.x v10, x0
core   2: 3 0x80000198 (0x5e004557) c8_vstart 0x00000000 e32 m1 l16 v10 00000080 0x00000000 00000000 00000000 00000000 00000000 00000000 00000000 00000000 00000000 00000000 00000000 00000000 00000000 00000000 00000000 00000000 
core   2: 0x8000019c (0x00000317) auipc   x6, 0x0
core   2: 3 0x8000019c (0x00000317) x6  0x8000019c
core   2: 0x800001a0 (0xfcc3305b) setrpc  x0, x6, -52
core   2: 3 0x800001a0 (0xfcc3305b) c2060_rpc 0x80000168 current mask:	00000080 current npc:	8000018c stack size: 2
[r_pc] 800001cc [else_pc] 800001cc [else_mask] 0000ff7f 
[r_pc] 800001cc [else_pc] 800001cc [else_mask] 0000ffff 
core   2: 0x800001a4 (0xfc9512db) vbne    v9, v10, pc - 60
core   2: 3 0x800001a4 (0xfc9512db) c8_vstart 0x00000000 e32 m1 l16 current mask:	00000080 current npc:	80000168 stack size: 2
[r_pc] 800001cc [else_pc] 800001cc [else_mask] 0000ff7f 
[r_pc] 800001cc [else_pc] 800001cc [else_mask] 0000ffff 
core   2: 0x80000168 (0x0000205b) join    v0, v0, pc + 0
core   2: 3 0x80000168 (0x0000205b) current mask:	00000080 current npc:	80000168 stack size: 2
[r_pc] 800001cc [else_pc] 800001cc [else_mask] 0000ff7f 
[r_pc] 800001cc [else_pc] 800001cc [else_mask] 0000ffff 
core   2: 0x8000016c (0x0002a47b) vlw12.v v8, v5, 0
core   2: 3 0x8000016c (0x0002a47b) e32 m1 l16 v8  00000080 0x00000000 00000000 00000000 00000000 00000000 00000000 00000000 00000000 00000004 00000000 00000000 00000000 00000000 00000000 00000000 00000000  c8_vstart 0x00000000 mem 0x9000013c
core   2: 0x80000170 (0x0000a4fb) vlw12.v v9, v1, 0
core   2: 3 0x80000170 (0x0000a4fb) e32 m1 l16 v9  00000080 0x00000000 00000000 00000000 00000000 00000000 00000000 00000000 00000000 000000e9 00000000 00000000 00000000 00000000 00000000 00000000 00000000  c8_vstart 0x00000000 mem 0x90000138
core   2: 0x80000174 (0x0260b357) vadd.vi v6, v6, 1
core   2: 3 0x80000174 (0x0260b357) c8_vstart 0x00000000 e32 m1 l16 v6  00000080 0x00000000 00000000 00000000 00000000 00000000 00000000 00000000 00000000 000000ec 00000000 00000000 00000000 00000000 00000000 00000000 00000000 
core   2: 0x80000178 (0x02940457) vadd.vv v8, v9, v8
core   2: 3 0x80000178 (0x02940457) c8_vstart 0x00000000 e32 m1 l16 v8  00000080 0x00000000 00000000 00000000 00000000 00000000 00000000 00000000 00000000 000000ed 00000000 00000000 00000000 00000000 00000000 00000000 00000000 
core   2: 0x8000017c (0x027233d7) vadd.vi v7, v7, 4
core   2: 3 0x8000017c (0x027233d7) c8_vstart 0x00000000 e32 m1 l16 v7  00000080 0x00000000 00000000 00000000 00000000 00000000 00000000 00000000 00000000 900013b0 00000000 00000000 00000000 00000000 00000000 00000000 00000000 
core   2: 0x80000180 (0x00000317) auipc   x6, 0x0
core   2: 3 0x80000180 (0x00000317) x6  0x80000180
core   2: 0x80000184 (0x04c3305b) setrpc  x0, x6, 76
core   2: 3 0x80000184 (0x04c3305b) c2060_rpc 0x800001cc current mask:	00000080 current npc:	80000168 stack size: 2
[r_pc] 800001cc [else_pc] 800001cc [else_mask] 0000ff7f 
[r_pc] 800001cc [else_pc] 800001cc [else_mask] 0000ffff 
core   2: 0x80000188 (0x0464525b) vbge    v6, v8, pc + 68
core   2: 3 0x80000188 (0x0464525b) c8_vstart 0x00000000 e32 m1 l16 current mask:	00000080 current npc:	8000018c stack size: 2
[r_pc] 800001cc [else_pc] 800001cc [else_mask] 0000ff7f 
[r_pc] 800001cc [else_pc] 800001cc [else_mask] 0000ffff 
core   2: 0x8000018c (0x0003a47b) vlw12.v v8, v7, 0
core   2: 3 0x8000018c (0x0003a47b) e32 m1 l16 v8  00000080 0x00000000 00000000 00000000 00000000 00000000 00000000 00000000 00000000 00000031 00000000 00000000 00000000 00000000 00000000 00000000 00000000  c8_vstart 0x00000000 mem 0x900013b0
core   2: 0x80000190 (0x023404d7) vadd.vv v9, v3, v8
core   2: 3 0x80000190 (0x023404d7) c8_vstart 0x00000000 e32 m1 l16 v9  00000080 0x00000000 00000000 00000000 00000000 00000000 00000000 00000000 00000000 90004031 00000000 00000000 00000000 00000000 00000000 00000000 00000000 
core   2: 0x80000194 (0x0004c4fb) vlbu12.v v9, v9, 0
core   2: 3 0x80000194 (0x0004c4fb) e32 m1 l16 v9  00000080 0x00000000 00000000 00000000 00000000 00000000 00000000 00000000 00000000 00000001 00000000 00000000 00000000 00000000 00000000 00000000 00000000  c8_vstart 0x00000000 mem 0x90004031
core   2: 0x80000198 (0x5e004557) vmv.v.x v10, x0
core   2: 3 0x80000198 (0x5e004557) c8_vstart 0x00000000 e32 m1 l16 v10 00000080 0x00000000 00000000 00000000 00000000 00000000 00000000 00000000 00000000 00000000 00000000 00000000 00000000 00000000 00000000 00000000 00000000 
core   2: 0x8000019c (0x00000317) auipc   x6, 0x0
core   2: 3 0x8000019c (0x00000317) x6  0x8000019c
core   2: 0x800001a0 (0xfcc3305b) setrpc  x0, x6, -52
core   2: 3 0x800001a0 (0xfcc3305b) c2060_rpc 0x80000168 current mask:	00000080 current npc:	8000018c stack size: 2
[r_pc] 800001cc [else_pc] 800001cc [else_mask] 0000ff7f 
[r_pc] 800001cc [else_pc] 800001cc [else_mask] 0000ffff 
core   2: 0x800001a4 (0xfc9512db) vbne    v9, v10, pc - 60
core   2: 3 0x800001a4 (0xfc9512db) c8_vstart 0x00000000 e32 m1 l16 current mask:	00000080 current npc:	80000168 stack size: 2
[r_pc] 800001cc [else_pc] 800001cc [else_mask] 0000ff7f 
[r_pc] 800001cc [else_pc] 800001cc [else_mask] 0000ffff 
core   2: 0x80000168 (0x0000205b) join    v0, v0, pc + 0
core   2: 3 0x80000168 (0x0000205b) current mask:	00000080 current npc:	80000168 stack size: 2
[r_pc] 800001cc [else_pc] 800001cc [else_mask] 0000ff7f 
[r_pc] 800001cc [else_pc] 800001cc [else_mask] 0000ffff 
core   2: 0x8000016c (0x0002a47b) vlw12.v v8, v5, 0
core   2: 3 0x8000016c (0x0002a47b) e32 m1 l16 v8  00000080 0x00000000 00000000 00000000 00000000 00000000 00000000 00000000 00000000 00000004 00000000 00000000 00000000 00000000 00000000 00000000 00000000  c8_vstart 0x00000000 mem 0x9000013c
core   2: 0x80000170 (0x0000a4fb) vlw12.v v9, v1, 0
core   2: 3 0x80000170 (0x0000a4fb) e32 m1 l16 v9  00000080 0x00000000 00000000 00000000 00000000 00000000 00000000 00000000 00000000 000000e9 00000000 00000000 00000000 00000000 00000000 00000000 00000000  c8_vstart 0x00000000 mem 0x90000138
core   2: 0x80000174 (0x0260b357) vadd.vi v6, v6, 1
core   2: 3 0x80000174 (0x0260b357) c8_vstart 0x00000000 e32 m1 l16 v6  00000080 0x00000000 00000000 00000000 00000000 00000000 00000000 00000000 00000000 000000ed 00000000 00000000 00000000 00000000 00000000 00000000 00000000 
core   2: 0x80000178 (0x02940457) vadd.vv v8, v9, v8
core   2: 3 0x80000178 (0x02940457) c8_vstart 0x00000000 e32 m1 l16 v8  00000080 0x00000000 00000000 00000000 00000000 00000000 00000000 00000000 00000000 000000ed 00000000 00000000 00000000 00000000 00000000 00000000 00000000 
core   2: 0x8000017c (0x027233d7) vadd.vi v7, v7, 4
core   2: 3 0x8000017c (0x027233d7) c8_vstart 0x00000000 e32 m1 l16 v7  00000080 0x00000000 00000000 00000000 00000000 00000000 00000000 00000000 00000000 900013b4 00000000 00000000 00000000 00000000 00000000 00000000 00000000 
core   2: 0x80000180 (0x00000317) auipc   x6, 0x0
core   2: 3 0x80000180 (0x00000317) x6  0x80000180
core   2: 0x80000184 (0x04c3305b) setrpc  x0, x6, 76
core   2: 3 0x80000184 (0x04c3305b) c2060_rpc 0x800001cc current mask:	00000080 current npc:	80000168 stack size: 2
[r_pc] 800001cc [else_pc] 800001cc [else_mask] 0000ff7f 
[r_pc] 800001cc [else_pc] 800001cc [else_mask] 0000ffff 
core   2: 0x80000188 (0x0464525b) vbge    v6, v8, pc + 68
core   2: 3 0x80000188 (0x0464525b) c8_vstart 0x00000000 e32 m1 l16 current mask:	00000080 current npc:	800001cc stack size: 2
[r_pc] 800001cc [else_pc] 800001cc [else_mask] 0000ff7f 
[r_pc] 800001cc [else_pc] 800001cc [else_mask] 0000ffff 
core   2: 0x800001cc (0x0000205b) join    v0, v0, pc + 0
core   2: 3 0x800001cc (0x0000205b) current mask:	0000ff7f current npc:	800001cc stack size: 1
[r_pc] 800001cc [else_pc] 800001cc [else_mask] 0000ffff 
core   2: 3 0x800001cc (0x0000205b) current mask:	0000ffff current npc:	800001cc stack size: 0
core   2: 3 0x800001cc (0x0000205b) current mask:	0000ffff current npc:	800001cc stack size: 0
core   2: Executed 3 times
core   2: 0x800001d0 (0x00012083) lw      x1, 0(x2)
core   2: 3 0x800001d0 (0x00012083) x1  0x80000090 mem 0x7000080c
core   2: 0x800001d4 (0xff410113) addi    x2, x2, -12
core   2: 3 0x800001d4 (0xff410113) x2  0x70000800
core   2: 0x800001d8 (0x00008067) ret
core   2: 3 0x800001d8 (0x00008067)
core   2: 0x80000090 (0x0000400b) endprg  x0, x0, x0
core   2: 3 0x80000090 (0x0000400b)
core   0: 0x80000094 (0x0040006f) j       pc + 0x4
core   0: 3 0x80000094 (0x0040006f)
core   0: 0x80000098 (0x00100313) li      x6, 1
core   0: 3 0x80000098 (0x00100313) x6  0x00000001
core   0: 0x8000009c (0x00001297) auipc   x5, 0x1
core   0: 3 0x8000009c (0x00001297) x5  0x8000109c
core   0: 0x800000a0 (0xf6428293) addi    x5, x5, -156
core   0: 3 0x800000a0 (0xf6428293) x5  0x80001000
core   0: 0x800000a4 (0x0062a023) sw      x6, 0(x5)
core   0: 3 0x800000a4 (0x0062a023) mem 0x80001000 0x00000001
