core   0: 0x00001000 (0x00000297) auipc   x5, 0x0
core   0: 3 0x00001000 (0x00000297) x5  0x00001000
core   1: 0x00001000 (0x00000297) auipc   x5, 0x0
core   1: 3 0x00001000 (0x00000297) x5  0x00001000
core   2: 0x00001000 (0x00000297) auipc   x5, 0x0
core   2: 3 0x00001000 (0x00000297) x5  0x00001000
core   3: 0x00001000 (0x00000297) auipc   x5, 0x0
core   3: 3 0x00001000 (0x00000297) x5  0x00001000
core   0: 0x00001004 (0x02028593) addi    x11, x5, 32
core   0: 3 0x00001004 (0x02028593) x11 0x00001020
core   1: 0x00001004 (0x02028593) addi    x11, x5, 32
core   1: 3 0x00001004 (0x02028593) x11 0x00001020
core   2: 0x00001004 (0x02028593) addi    x11, x5, 32
core   2: 3 0x00001004 (0x02028593) x11 0x00001020
core   3: 0x00001004 (0x02028593) addi    x11, x5, 32
core   3: 3 0x00001004 (0x02028593) x11 0x00001020
core   0: 0x00001008 (0xf1402573) csrr    x10, mhartid
core   0: 3 0x00001008 (0xf1402573) x10 0x00000000
core   1: 0x00001008 (0xf1402573) csrr    x10, mhartid
core   1: 3 0x00001008 (0xf1402573) x10 0x00000001
core   2: 0x00001008 (0xf1402573) csrr    x10, mhartid
core   2: 3 0x00001008 (0xf1402573) x10 0x00000002
core   3: 0x00001008 (0xf1402573) csrr    x10, mhartid
core   3: 3 0x00001008 (0xf1402573) x10 0x00000003
core   0: 0x0000100c (0x0182a283) lw      x5, 24(x5)
core   0: 3 0x0000100c (0x0182a283) x5  0x80000000 mem 0x00001018
core   1: 0x0000100c (0x0182a283) lw      x5, 24(x5)
core   1: 3 0x0000100c (0x0182a283) x5  0x80000000 mem 0x00001018
core   2: 0x0000100c (0x0182a283) lw      x5, 24(x5)
core   2: 3 0x0000100c (0x0182a283) x5  0x80000000 mem 0x00001018
core   3: 0x0000100c (0x0182a283) lw      x5, 24(x5)
core   3: 3 0x0000100c (0x0182a283) x5  0x80000000 mem 0x00001018
core   0: 0x00001010 (0x00028067) jr      x5
core   0: 3 0x00001010 (0x00028067)
core   1: 0x00001010 (0x00028067) jr      x5
core   1: 3 0x00001010 (0x00028067)
core   2: 0x00001010 (0x00028067) jr      x5
core   2: 3 0x00001010 (0x00028067)
core   3: 0x00001010 (0x00028067) jr      x5
core   3: 3 0x00001010 (0x00028067)
core   0: 0x80000000 (0x00004197) auipc   x3, 0x4
core   0: 3 0x80000000 (0x00004197) x3  0x80004000
core   1: 0x80000000 (0x00004197) auipc   x3, 0x4
core   1: 3 0x80000000 (0x00004197) x3  0x80004000
core   2: 0x80000000 (0x00004197) auipc   x3, 0x4
core   2: 3 0x80000000 (0x00004197) x3  0x80004000
core   3: 0x80000000 (0x00004197) auipc   x3, 0x4
core   3: 3 0x80000000 (0x00004197) x3  0x80004000
core   0: 0x80000004 (0x80818193) addi    x3, x3, -2040
core   0: 3 0x80000004 (0x80818193) x3  0x80003808
core   1: 0x80000004 (0x80818193) addi    x3, x3, -2040
core   1: 3 0x80000004 (0x80818193) x3  0x80003808
core   2: 0x80000004 (0x80818193) addi    x3, x3, -2040
core   2: 3 0x80000004 (0x80818193) x3  0x80003808
core   3: 0x80000004 (0x80818193) addi    x3, x3, -2040
core   3: 3 0x80000004 (0x80818193) x3  0x80003808
core   0: 0x80000008 (0x02000e93) li      x29, 32
core   0: 3 0x80000008 (0x02000e93) x29 0x00000020
core   1: 0x80000008 (0x02000e93) li      x29, 32
core   1: 3 0x80000008 (0x02000e93) x29 0x00000020
core   2: 0x80000008 (0x02000e93) li      x29, 32
core   2: 3 0x80000008 (0x02000e93) x29 0x00000020
core   3: 0x80000008 (0x02000e93) li      x29, 32
core   3: 3 0x80000008 (0x02000e93) x29 0x00000020
core   0: 0x8000000c (0x0d0efed7) vsetvli x29, x29, e32, m1, ta, ma
core   0: 3 0x8000000c (0x0d0efed7) x29 0x00000008 c8_vstart 0x00000000 c3104_vl 0x00000008 c3105_vtype 0x000000d0 c768_mstatus 0x80000600
core   1: 0x8000000c (0x0d0efed7) vsetvli x29, x29, e32, m1, ta, ma
core   1: 3 0x8000000c (0x0d0efed7) x29 0x00000008 c8_vstart 0x00000000 c3104_vl 0x00000008 c3105_vtype 0x000000d0 c768_mstatus 0x80000600
core   2: 0x8000000c (0x0d0efed7) vsetvli x29, x29, e32, m1, ta, ma
core   2: 3 0x8000000c (0x0d0efed7) x29 0x00000008 c8_vstart 0x00000000 c3104_vl 0x00000008 c3105_vtype 0x000000d0 c768_mstatus 0x80000600
core   3: 0x8000000c (0x0d0efed7) vsetvli x29, x29, e32, m1, ta, ma
core   3: 3 0x8000000c (0x0d0efed7) x29 0x00000008 c8_vstart 0x00000000 c3104_vl 0x00000008 c3105_vtype 0x000000d0 c768_mstatus 0x80000600
core   0: 0x80000010 (0x00002eb7) lui     x29, 0x2
core   0: 3 0x80000010 (0x00002eb7) x29 0x00002000
core   1: 0x80000010 (0x00002eb7) lui     x29, 0x2
core   1: 3 0x80000010 (0x00002eb7) x29 0x00002000
core   2: 0x80000010 (0x00002eb7) lui     x29, 0x2
core   2: 3 0x80000010 (0x00002eb7) x29 0x00002000
core   3: 0x80000010 (0x00002eb7) lui     x29, 0x2
core   3: 3 0x80000010 (0x00002eb7) x29 0x00002000
core   0: 0x80000014 (0x300eaef3) csrrs   x29, mstatus, x29
core   0: 3 0x80000014 (0x300eaef3) x29 0x80000600 c768_mstatus 0x80006600
core   1: 0x80000014 (0x300eaef3) csrrs   x29, mstatus, x29
core   1: 3 0x80000014 (0x300eaef3) x29 0x80000600 c768_mstatus 0x80006600
core   2: 0x80000014 (0x300eaef3) csrrs   x29, mstatus, x29
core   2: 3 0x80000014 (0x300eaef3) x29 0x80000600 c768_mstatus 0x80006600
core   3: 0x80000014 (0x300eaef3) csrrs   x29, mstatus, x29
core   3: 3 0x80000014 (0x300eaef3) x29 0x80000600 c768_mstatus 0x80006600
core   0: 0x80000018 (0x00000e93) li      x29, 0
core   0: 3 0x80000018 (0x00000e93) x29 0x00000000
core   1: 0x80000018 (0x00000e93) li      x29, 0
core   1: 3 0x80000018 (0x00000e93) x29 0x00000000
core   2: 0x80000018 (0x00000e93) li      x29, 0
core   2: 3 0x80000018 (0x00000e93) x29 0x00000000
core   3: 0x80000018 (0x00000e93) li      x29, 0
core   3: 3 0x80000018 (0x00000e93) x29 0x00000000
core   0: 0x8000001c (0x80502373) csrr    x6, wid
core   0: 3 0x8000001c (0x80502373) x6  0x00000000
core   1: 0x8000001c (0x80502373) csrr    x6, wid
core   1: 3 0x8000001c (0x80502373) x6  0x00000001
core   2: 0x8000001c (0x80502373) csrr    x6, wid
core   2: 3 0x8000001c (0x80502373) x6  0x00000002
core   3: 0x8000001c (0x80502373) csrr    x6, wid
core   3: 3 0x8000001c (0x80502373) x6  0x00000003
core   0: 0x80000020 (0x806023f3) csrr    x7, lds
core   0: 3 0x80000020 (0x806023f3) x7  0x70000000
core   1: 0x80000020 (0x806023f3) csrr    x7, lds
core   1: 3 0x80000020 (0x806023f3) x7  0x70000000
core   2: 0x80000020 (0x806023f3) csrr    x7, lds
core   2: 3 0x80000020 (0x806023f3) x7  0x70000000
core   3: 0x80000020 (0x806023f3) csrr    x7, lds
core   3: 3 0x80000020 (0x806023f3) x7  0x70000000
core   0: 0x80000024 (0x40000e13) li      x28, 1024
core   0: 3 0x80000024 (0x40000e13) x28 0x00000400
core   1: 0x80000024 (0x40000e13) li      x28, 1024
core   1: 3 0x80000024 (0x40000e13) x28 0x00000400
core   2: 0x80000024 (0x40000e13) li      x28, 1024
core   2: 3 0x80000024 (0x40000e13) x28 0x00000400
core   3: 0x80000024 (0x40000e13) li      x28, 1024
core   3: 3 0x80000024 (0x40000e13) x28 0x00000400
core   0: 0x80000028 (0x03c30333) mul     x6, x6, x28
core   0: 3 0x80000028 (0x03c30333) x6  0x00000000
core   1: 0x80000028 (0x03c30333) mul     x6, x6, x28
core   1: 3 0x80000028 (0x03c30333) x6  0x00000400
core   2: 0x80000028 (0x03c30333) mul     x6, x6, x28
core   2: 3 0x80000028 (0x03c30333) x6  0x00000800
core   3: 0x80000028 (0x03c30333) mul     x6, x6, x28
core   3: 3 0x80000028 (0x03c30333) x6  0x00000c00
core   0: 0x8000002c (0x00730133) add     x2, x6, x7
core   0: 3 0x8000002c (0x00730133) x2  0x70000000
core   1: 0x8000002c (0x00730133) add     x2, x6, x7
core   1: 3 0x8000002c (0x00730133) x2  0x70000400
core   2: 0x8000002c (0x00730133) add     x2, x6, x7
core   2: 3 0x8000002c (0x00730133) x2  0x70000800
core   3: 0x8000002c (0x00730133) add     x2, x6, x7
core   3: 3 0x8000002c (0x00730133) x2  0x70000c00
core   0: 0x80000030 (0x00000213) li      x4, 0
core   0: 3 0x80000030 (0x00000213) x4  0x00000000
core   1: 0x80000030 (0x00000213) li      x4, 0
core   1: 3 0x80000030 (0x00000213) x4  0x00000000
core   2: 0x80000030 (0x00000213) li      x4, 0
core   2: 3 0x80000030 (0x00000213) x4  0x00000000
core   3: 0x80000030 (0x00000213) li      x4, 0
core   3: 3 0x80000030 (0x00000213) x4  0x00000000
core   0: 0x80000034 (0x00003517) auipc   x10, 0x3
core   0: 3 0x80000034 (0x00003517) x10 0x80003034
core   1: 0x80000034 (0x00003517) auipc   x10, 0x3
core   1: 3 0x80000034 (0x00003517) x10 0x80003034
core   2: 0x80000034 (0x00003517) auipc   x10, 0x3
core   2: 3 0x80000034 (0x00003517) x10 0x80003034
core   3: 0x80000034 (0x00003517) auipc   x10, 0x3
core   3: 3 0x80000034 (0x00003517) x10 0x80003034
core   0: 0x80000038 (0xfd450513) addi    x10, x10, -44
core   0: 3 0x80000038 (0xfd450513) x10 0x80003008
core   1: 0x80000038 (0xfd450513) addi    x10, x10, -44
core   1: 3 0x80000038 (0xfd450513) x10 0x80003008
core   2: 0x80000038 (0xfd450513) addi    x10, x10, -44
core   2: 3 0x80000038 (0xfd450513) x10 0x80003008
core   3: 0x80000038 (0xfd450513) addi    x10, x10, -44
core   3: 3 0x80000038 (0xfd450513) x10 0x80003008
core   0: 0x8000003c (0x00003617) auipc   x12, 0x3
core   0: 3 0x8000003c (0x00003617) x12 0x8000303c
core   1: 0x8000003c (0x00003617) auipc   x12, 0x3
core   1: 3 0x8000003c (0x00003617) x12 0x8000303c
core   2: 0x8000003c (0x00003617) auipc   x12, 0x3
core   2: 3 0x8000003c (0x00003617) x12 0x8000303c
core   3: 0x8000003c (0x00003617) auipc   x12, 0x3
core   3: 3 0x8000003c (0x00003617) x12 0x8000303c
core   0: 0x80000040 (0xfcc60613) addi    x12, x12, -52
core   0: 3 0x80000040 (0xfcc60613) x12 0x80003008
core   1: 0x80000040 (0xfcc60613) addi    x12, x12, -52
core   1: 3 0x80000040 (0xfcc60613) x12 0x80003008
core   2: 0x80000040 (0xfcc60613) addi    x12, x12, -52
core   2: 3 0x80000040 (0xfcc60613) x12 0x80003008
core   3: 0x80000040 (0xfcc60613) addi    x12, x12, -52
core   3: 3 0x80000040 (0xfcc60613) x12 0x80003008
core   0: 0x80000044 (0x00c50863) beq     x10, x12, pc + 16
core   0: 3 0x80000044 (0x00c50863)
core   1: 0x80000044 (0x00c50863) beq     x10, x12, pc + 16
core   1: 3 0x80000044 (0x00c50863)
core   2: 0x80000044 (0x00c50863) beq     x10, x12, pc + 16
core   2: 3 0x80000044 (0x00c50863)
core   3: 0x80000044 (0x00c50863) beq     x10, x12, pc + 16
core   3: 3 0x80000044 (0x00c50863)
core   0: 0x80000054 (0x803022f3) csrr    x5, knl
core   0: 3 0x80000054 (0x803022f3) x5  0x900d2000
core   1: 0x80000054 (0x803022f3) csrr    x5, knl
core   1: 3 0x80000054 (0x803022f3) x5  0x900d2000
core   2: 0x80000054 (0x803022f3) csrr    x5, knl
core   2: 3 0x80000054 (0x803022f3) x5  0x900d2000
core   3: 0x80000054 (0x803022f3) csrr    x5, knl
core   3: 3 0x80000054 (0x803022f3) x5  0x900d2000
core   0: 0x80000058 (0x0002a303) lw      x6, 0(x5)
core   0: 3 0x80000058 (0x0002a303) x6  0x800001c8 mem 0x900d2000
core   1: 0x80000058 (0x0002a303) lw      x6, 0(x5)
core   1: 3 0x80000058 (0x0002a303) x6  0x800001c8 mem 0x900d2000
core   2: 0x80000058 (0x0002a303) lw      x6, 0(x5)
core   2: 3 0x80000058 (0x0002a303) x6  0x800001c8 mem 0x900d2000
core   3: 0x80000058 (0x0002a303) lw      x6, 0(x5)
core   3: 3 0x80000058 (0x0002a303) x6  0x800001c8 mem 0x900d2000
core   0: 0x8000005c (0x0042a503) lw      x10, 4(x5)
core   0: 3 0x8000005c (0x0042a503) x10 0x900b1000 mem 0x900d2004
core   1: 0x8000005c (0x0042a503) lw      x10, 4(x5)
core   1: 3 0x8000005c (0x0042a503) x10 0x900b1000 mem 0x900d2004
core   2: 0x8000005c (0x0042a503) lw      x10, 4(x5)
core   2: 3 0x8000005c (0x0042a503) x10 0x900b1000 mem 0x900d2004
core   3: 0x8000005c (0x0042a503) lw      x10, 4(x5)
core   3: 3 0x8000005c (0x0042a503) x10 0x900b1000 mem 0x900d2004
core   0: 0x80000060 (0x0302a383) lw      x7, 48(x5)
core   0: 3 0x80000060 (0x0302a383) x7  0x00000000 mem 0x900d2030
core   1: 0x80000060 (0x0302a383) lw      x7, 48(x5)
core   1: 3 0x80000060 (0x0302a383) x7  0x00000000 mem 0x900d2030
core   2: 0x80000060 (0x0302a383) lw      x7, 48(x5)
core   2: 3 0x80000060 (0x0302a383) x7  0x00000000 mem 0x900d2030
core   3: 0x80000060 (0x0302a383) lw      x7, 48(x5)
core   3: 3 0x80000060 (0x0302a383) x7  0x00000000 mem 0x900d2030
core   0: 0x80000064 (0x0342ae03) lw      x28, 52(x5)
core   0: 3 0x80000064 (0x0342ae03) x28 0x00000000 mem 0x900d2034
core   1: 0x80000064 (0x0342ae03) lw      x28, 52(x5)
core   1: 3 0x80000064 (0x0342ae03) x28 0x00000000 mem 0x900d2034
core   2: 0x80000064 (0x0342ae03) lw      x28, 52(x5)
core   2: 3 0x80000064 (0x0342ae03) x28 0x00000000 mem 0x900d2034
core   3: 0x80000064 (0x0342ae03) lw      x28, 52(x5)
core   3: 3 0x80000064 (0x0342ae03) x28 0x00000000 mem 0x900d2034
core   0: 0x80000068 (0x00003e97) auipc   x29, 0x3
core   0: 3 0x80000068 (0x00003e97) x29 0x80003068
core   1: 0x80000068 (0x00003e97) auipc   x29, 0x3
core   1: 3 0x80000068 (0x00003e97) x29 0x80003068
core   2: 0x80000068 (0x00003e97) auipc   x29, 0x3
core   2: 3 0x80000068 (0x00003e97) x29 0x80003068
core   3: 0x80000068 (0x00003e97) auipc   x29, 0x3
core   3: 3 0x80000068 (0x00003e97) x29 0x80003068
core   0: 0x8000006c (0xf98e8e93) addi    x29, x29, -104
core   0: 3 0x8000006c (0xf98e8e93) x29 0x80003000
core   1: 0x8000006c (0xf98e8e93) addi    x29, x29, -104
core   1: 3 0x8000006c (0xf98e8e93) x29 0x80003000
core   2: 0x8000006c (0xf98e8e93) addi    x29, x29, -104
core   2: 3 0x8000006c (0xf98e8e93) x29 0x80003000
core   3: 0x8000006c (0xf98e8e93) addi    x29, x29, -104
core   3: 3 0x8000006c (0xf98e8e93) x29 0x80003000
core   0: 0x80000070 (0x00003f17) auipc   x30, 0x3
core   0: 3 0x80000070 (0x00003f17) x30 0x80003070
core   1: 0x80000070 (0x00003f17) auipc   x30, 0x3
core   1: 3 0x80000070 (0x00003f17) x30 0x80003070
core   2: 0x80000070 (0x00003f17) auipc   x30, 0x3
core   2: 3 0x80000070 (0x00003f17) x30 0x80003070
core   3: 0x80000070 (0x00003f17) auipc   x30, 0x3
core   3: 3 0x80000070 (0x00003f17) x30 0x80003070
core   0: 0x80000074 (0xf94f0f13) addi    x30, x30, -108
core   0: 3 0x80000074 (0xf94f0f13) x30 0x80003004
core   1: 0x80000074 (0xf94f0f13) addi    x30, x30, -108
core   1: 3 0x80000074 (0xf94f0f13) x30 0x80003004
core   2: 0x80000074 (0xf94f0f13) addi    x30, x30, -108
core   2: 3 0x80000074 (0xf94f0f13) x30 0x80003004
core   3: 0x80000074 (0xf94f0f13) addi    x30, x30, -108
core   3: 3 0x80000074 (0xf94f0f13) x30 0x80003004
core   0: 0x80000078 (0x007ea023) sw      x7, 0(x29)
core   0: 3 0x80000078 (0x007ea023) mem 0x80003000 0x00000000
core   1: 0x80000078 (0x007ea023) sw      x7, 0(x29)
core   1: 3 0x80000078 (0x007ea023) mem 0x80003000 0x00000000
core   2: 0x80000078 (0x007ea023) sw      x7, 0(x29)
core   2: 3 0x80000078 (0x007ea023) mem 0x80003000 0x00000000
core   3: 0x80000078 (0x007ea023) sw      x7, 0(x29)
core   3: 3 0x80000078 (0x007ea023) mem 0x80003000 0x00000000
core   0: 0x8000007c (0x01cf2023) sw      x28, 0(x30)
core   0: 3 0x8000007c (0x01cf2023) mem 0x80003004 0x00000000
core   1: 0x8000007c (0x01cf2023) sw      x28, 0(x30)
core   1: 3 0x8000007c (0x01cf2023) mem 0x80003004 0x00000000
core   2: 0x8000007c (0x01cf2023) sw      x28, 0(x30)
core   2: 3 0x8000007c (0x01cf2023) mem 0x80003004 0x00000000
core   3: 0x8000007c (0x01cf2023) sw      x28, 0(x30)
core   3: 3 0x8000007c (0x01cf2023) mem 0x80003004 0x00000000
core   0: 0x80000080 (0x00000f97) auipc   x31, 0x0
core   0: 3 0x80000080 (0x00000f97) x31 0x80000080
core   1: 0x80000080 (0x00000f97) auipc   x31, 0x0
core   1: 3 0x80000080 (0x00000f97) x31 0x80000080
core   2: 0x80000080 (0x00000f97) auipc   x31, 0x0
core   2: 3 0x80000080 (0x00000f97) x31 0x80000080
core   3: 0x80000080 (0x00000f97) auipc   x31, 0x0
core   3: 3 0x80000080 (0x00000f97) x31 0x80000080
core   0: 0x80000084 (0x018f8f93) addi    x31, x31, 24
core   0: 3 0x80000084 (0x018f8f93) x31 0x80000098
core   1: 0x80000084 (0x018f8f93) addi    x31, x31, 24
core   1: 3 0x80000084 (0x018f8f93) x31 0x80000098
core   2: 0x80000084 (0x018f8f93) addi    x31, x31, 24
core   2: 3 0x80000084 (0x018f8f93) x31 0x80000098
core   3: 0x80000084 (0x018f8f93) addi    x31, x31, 24
core   3: 3 0x80000084 (0x018f8f93) x31 0x80000098
core   0: 0x80000088 (0x305f9073) csrw    mtvec, x31
core   0: 3 0x80000088 (0x305f9073) c773_mtvec 0x80000098
core   1: 0x80000088 (0x305f9073) csrw    mtvec, x31
core   1: 3 0x80000088 (0x305f9073) c773_mtvec 0x80000098
core   2: 0x80000088 (0x305f9073) csrw    mtvec, x31
core   2: 3 0x80000088 (0x305f9073) c773_mtvec 0x80000098
core   3: 0x80000088 (0x305f9073) csrw    mtvec, x31
core   3: 3 0x80000088 (0x305f9073) c773_mtvec 0x80000098
core   0: 0x8000008c (0x000300e7) jalr    x6
core   0: 3 0x8000008c (0x000300e7) x1  0x80000090
core   1: 0x8000008c (0x000300e7) jalr    x6
core   1: 3 0x8000008c (0x000300e7) x1  0x80000090
core   2: 0x8000008c (0x000300e7) jalr    x6
core   2: 3 0x8000008c (0x000300e7) x1  0x80000090
core   3: 0x8000008c (0x000300e7) jalr    x6
core   3: 3 0x8000008c (0x000300e7) x1  0x80000090
core   0: 0x800001c8 (0x00c10113) addi    x2, x2, 12
core   0: 3 0x800001c8 (0x00c10113) x2  0x7000000c
core   1: 0x800001c8 (0x00c10113) addi    x2, x2, 12
core   1: 3 0x800001c8 (0x00c10113) x2  0x7000040c
core   2: 0x800001c8 (0x00c10113) addi    x2, x2, 12
core   2: 3 0x800001c8 (0x00c10113) x2  0x7000080c
core   3: 0x800001c8 (0x00c10113) addi    x2, x2, 12
core   3: 3 0x800001c8 (0x00c10113) x2  0x70000c0c
core   0: 0x800001cc (0x00112023) sw      x1, 0(x2)
core   0: 3 0x800001cc (0x00112023) mem 0x7000000c 0x80000090
core   1: 0x800001cc (0x00112023) sw      x1, 0(x2)
core   1: 3 0x800001cc (0x00112023) mem 0x7000040c 0x80000090
core   2: 0x800001cc (0x00112023) sw      x1, 0(x2)
core   2: 3 0x800001cc (0x00112023) mem 0x7000080c 0x80000090
core   3: 0x800001cc (0x00112023) sw      x1, 0(x2)
core   3: 3 0x800001cc (0x00112023) mem 0x70000c0c 0x80000090
core   0: 0x800001d0 (0xfea12e23) sw      x10, -4(x2)
core   0: 3 0x800001d0 (0xfea12e23) mem 0x70000008 0x900b1000
core   1: 0x800001d0 (0xfea12e23) sw      x10, -4(x2)
core   1: 3 0x800001d0 (0xfea12e23) mem 0x70000408 0x900b1000
core   2: 0x800001d0 (0xfea12e23) sw      x10, -4(x2)
core   2: 3 0x800001d0 (0xfea12e23) mem 0x70000808 0x900b1000
core   3: 0x800001d0 (0xfea12e23) sw      x10, -4(x2)
core   3: 3 0x800001d0 (0xfea12e23) mem 0x70000c08 0x900b1000
core   0: 0x800001d4 (0x01052283) lw      x5, 16(x10)
core   0: 3 0x800001d4 (0x01052283) x5  0x00000020 mem 0x900b1010
core   1: 0x800001d4 (0x01052283) lw      x5, 16(x10)
core   1: 3 0x800001d4 (0x01052283) x5  0x00000020 mem 0x900b1010
core   2: 0x800001d4 (0x01052283) lw      x5, 16(x10)
core   2: 3 0x800001d4 (0x01052283) x5  0x00000020 mem 0x900b1010
core   3: 0x800001d4 (0x01052283) lw      x5, 16(x10)
core   3: 3 0x800001d4 (0x01052283) x5  0x00000020 mem 0x900b1010
core   0: 0x800001d8 (0xfe512c23) sw      x5, -8(x2)
core   0: 3 0x800001d8 (0xfe512c23) mem 0x70000004 0x00000020
core   1: 0x800001d8 (0xfe512c23) sw      x5, -8(x2)
core   1: 3 0x800001d8 (0xfe512c23) mem 0x70000404 0x00000020
core   2: 0x800001d8 (0xfe512c23) sw      x5, -8(x2)
core   2: 3 0x800001d8 (0xfe512c23) mem 0x70000804 0x00000020
core   3: 0x800001d8 (0xfe512c23) sw      x5, -8(x2)
core   3: 3 0x800001d8 (0xfe512c23) mem 0x70000c04 0x00000020
core   0: 0x800001dc (0x5e004057) vmv.v.x v0, x0
core   0: 3 0x800001dc (0x5e004057) c8_vstart 0x00000000 e32 m1 l8 v0  000000ff 0x00000000 00000000 00000000 00000000 00000000 00000000 00000000 00000000 
core   1: 0x800001dc (0x5e004057) vmv.v.x v0, x0
core   1: 3 0x800001dc (0x5e004057) c8_vstart 0x00000000 e32 m1 l8 v0  000000ff 0x00000000 00000000 00000000 00000000 00000000 00000000 00000000 00000000 
core   2: 0x800001dc (0x5e004057) vmv.v.x v0, x0
core   2: 3 0x800001dc (0x5e004057) c8_vstart 0x00000000 e32 m1 l8 v0  000000ff 0x00000000 00000000 00000000 00000000 00000000 00000000 00000000 00000000 
core   3: 0x800001dc (0x5e004057) vmv.v.x v0, x0
core   3: 3 0x800001dc (0x5e004057) c8_vstart 0x00000000 e32 m1 l8 v0  000000ff 0x00000000 00000000 00000000 00000000 00000000 00000000 00000000 00000000 
core   0: 0x800001e0 (0x07c000ef) jal     pc + 0x7c
core   0: 3 0x800001e0 (0x07c000ef) x1  0x800001e4
core   1: 0x800001e0 (0x07c000ef) jal     pc + 0x7c
core   1: 3 0x800001e0 (0x07c000ef) x1  0x800001e4
core   2: 0x800001e0 (0x07c000ef) jal     pc + 0x7c
core   2: 3 0x800001e0 (0x07c000ef) x1  0x800001e4
core   3: 0x800001e0 (0x07c000ef) jal     pc + 0x7c
core   3: 3 0x800001e0 (0x07c000ef) x1  0x800001e4
core   0: 0x8000025c (0x00410113) addi    x2, x2, 4
core   0: 3 0x8000025c (0x00410113) x2  0x70000010
core   1: 0x8000025c (0x00410113) addi    x2, x2, 4
core   1: 3 0x8000025c (0x00410113) x2  0x70000410
core   2: 0x8000025c (0x00410113) addi    x2, x2, 4
core   2: 3 0x8000025c (0x00410113) x2  0x70000810
core   3: 0x8000025c (0x00410113) addi    x2, x2, 4
core   3: 3 0x8000025c (0x00410113) x2  0x70000c10
core   0: 0x80000260 (0x00112023) sw      x1, 0(x2)
core   0: 3 0x80000260 (0x00112023) mem 0x70000010 0x800001e4
core   1: 0x80000260 (0x00112023) sw      x1, 0(x2)
core   1: 3 0x80000260 (0x00112023) mem 0x70000410 0x800001e4
core   2: 0x80000260 (0x00112023) sw      x1, 0(x2)
core   2: 3 0x80000260 (0x00112023) mem 0x70000810 0x800001e4
core   3: 0x80000260 (0x00112023) sw      x1, 0(x2)
core   3: 3 0x80000260 (0x00112023) mem 0x70000c10 0x800001e4
core   0: 0x80000264 (0x00200293) li      x5, 2
core   0: 3 0x80000264 (0x00200293) x5  0x00000002
core   1: 0x80000264 (0x00200293) li      x5, 2
core   1: 3 0x80000264 (0x00200293) x5  0x00000002
core   2: 0x80000264 (0x00200293) li      x5, 2
core   2: 3 0x80000264 (0x00200293) x5  0x00000002
core   3: 0x80000264 (0x00200293) li      x5, 2
core   3: 3 0x80000264 (0x00200293) x5  0x00000002
core   0: 0x80000268 (0x5e02c0d7) vmv.v.x v1, x5
core   0: 3 0x80000268 (0x5e02c0d7) c8_vstart 0x00000000 e32 m1 l8 v1  000000ff 0x00000002 00000002 00000002 00000002 00000002 00000002 00000002 00000002 
core   1: 0x80000268 (0x5e02c0d7) vmv.v.x v1, x5
core   1: 3 0x80000268 (0x5e02c0d7) c8_vstart 0x00000000 e32 m1 l8 v1  000000ff 0x00000002 00000002 00000002 00000002 00000002 00000002 00000002 00000002 
core   2: 0x80000268 (0x5e02c0d7) vmv.v.x v1, x5
core   2: 3 0x80000268 (0x5e02c0d7) c8_vstart 0x00000000 e32 m1 l8 v1  000000ff 0x00000002 00000002 00000002 00000002 00000002 00000002 00000002 00000002 
core   3: 0x80000268 (0x5e02c0d7) vmv.v.x v1, x5
core   3: 3 0x80000268 (0x5e02c0d7) c8_vstart 0x00000000 e32 m1 l8 v1  000000ff 0x00000002 00000002 00000002 00000002 00000002 00000002 00000002 00000002 
core   0: 0x8000026c (0x00000317) auipc   x6, 0x0
core   0: 3 0x8000026c (0x00000317) x6  0x8000026c
core   1: 0x8000026c (0x00000317) auipc   x6, 0x0
core   1: 3 0x8000026c (0x00000317) x6  0x8000026c
core   2: 0x8000026c (0x00000317) auipc   x6, 0x0
core   2: 3 0x8000026c (0x00000317) x6  0x8000026c
core   3: 0x8000026c (0x00000317) auipc   x6, 0x0
core   3: 3 0x8000026c (0x00000317) x6  0x8000026c
core   0: 0x80000270 (0x04c3305b) setrpc  x0, x6, 76
core   0: 3 0x80000270 (0x04c3305b) c2060_rpc 0x800002b8 current mask:	000000ff current npc:	00000000 stack size: 0
core   1: 0x80000270 (0x04c3305b) setrpc  x0, x6, 76
core   1: 3 0x80000270 (0x04c3305b) c2060_rpc 0x800002b8 current mask:	000000ff current npc:	00000000 stack size: 0
core   2: 0x80000270 (0x04c3305b) setrpc  x0, x6, 76
core   2: 3 0x80000270 (0x04c3305b) c2060_rpc 0x800002b8 current mask:	000000ff current npc:	00000000 stack size: 0
core   3: 0x80000270 (0x04c3305b) setrpc  x0, x6, 76
core   3: 3 0x80000270 (0x04c3305b) c2060_rpc 0x800002b8 current mask:	000000ff current npc:	00000000 stack size: 0
core   0: 0x80000274 (0x0200885b) vbeq    v0, v1, pc + 48
core   0: 3 0x80000274 (0x0200885b) c8_vstart 0x00000000 e32 m1 l8 current mask:	000000ff current npc:	80000278 stack size: 0
core   1: 0x80000274 (0x0200885b) vbeq    v0, v1, pc + 48
core   1: 3 0x80000274 (0x0200885b) c8_vstart 0x00000000 e32 m1 l8 current mask:	000000ff current npc:	80000278 stack size: 0
core   2: 0x80000274 (0x0200885b) vbeq    v0, v1, pc + 48
core   2: 3 0x80000274 (0x0200885b) c8_vstart 0x00000000 e32 m1 l8 current mask:	000000ff current npc:	80000278 stack size: 0
core   3: 0x80000274 (0x0200885b) vbeq    v0, v1, pc + 48
core   3: 3 0x80000274 (0x0200885b) c8_vstart 0x00000000 e32 m1 l8 current mask:	000000ff current npc:	80000278 stack size: 0
core   0: 0x80000278 (0x00100293) li      x5, 1
core   0: 3 0x80000278 (0x00100293) x5  0x00000001
core   1: 0x80000278 (0x00100293) li      x5, 1
core   1: 3 0x80000278 (0x00100293) x5  0x00000001
core   2: 0x80000278 (0x00100293) li      x5, 1
core   2: 3 0x80000278 (0x00100293) x5  0x00000001
core   3: 0x80000278 (0x00100293) li      x5, 1
core   3: 3 0x80000278 (0x00100293) x5  0x00000001
core   0: 0x8000027c (0x5e02c0d7) vmv.v.x v1, x5
core   0: 3 0x8000027c (0x5e02c0d7) c8_vstart 0x00000000 e32 m1 l8 v1  000000ff 0x00000001 00000001 00000001 00000001 00000001 00000001 00000001 00000001 
core   1: 0x8000027c (0x5e02c0d7) vmv.v.x v1, x5
core   1: 3 0x8000027c (0x5e02c0d7) c8_vstart 0x00000000 e32 m1 l8 v1  000000ff 0x00000001 00000001 00000001 00000001 00000001 00000001 00000001 00000001 
core   2: 0x8000027c (0x5e02c0d7) vmv.v.x v1, x5
core   2: 3 0x8000027c (0x5e02c0d7) c8_vstart 0x00000000 e32 m1 l8 v1  000000ff 0x00000001 00000001 00000001 00000001 00000001 00000001 00000001 00000001 
core   3: 0x8000027c (0x5e02c0d7) vmv.v.x v1, x5
core   3: 3 0x8000027c (0x5e02c0d7) c8_vstart 0x00000000 e32 m1 l8 v1  000000ff 0x00000001 00000001 00000001 00000001 00000001 00000001 00000001 00000001 
core   0: 0x80000280 (0x00000317) auipc   x6, 0x0
core   0: 3 0x80000280 (0x00000317) x6  0x80000280
core   1: 0x80000280 (0x00000317) auipc   x6, 0x0
core   1: 3 0x80000280 (0x00000317) x6  0x80000280
core   2: 0x80000280 (0x00000317) auipc   x6, 0x0
core   2: 3 0x80000280 (0x00000317) x6  0x80000280
core   3: 0x80000280 (0x00000317) auipc   x6, 0x0
core   3: 3 0x80000280 (0x00000317) x6  0x80000280
core   0: 0x80000284 (0x0383305b) setrpc  x0, x6, 56
core   0: 3 0x80000284 (0x0383305b) c2060_rpc 0x800002b8 current mask:	000000ff current npc:	80000278 stack size: 0
core   1: 0x80000284 (0x0383305b) setrpc  x0, x6, 56
core   1: 3 0x80000284 (0x0383305b) c2060_rpc 0x800002b8 current mask:	000000ff current npc:	80000278 stack size: 0
core   2: 0x80000284 (0x0383305b) setrpc  x0, x6, 56
core   2: 3 0x80000284 (0x0383305b) c2060_rpc 0x800002b8 current mask:	000000ff current npc:	80000278 stack size: 0
core   3: 0x80000284 (0x0383305b) setrpc  x0, x6, 56
core   3: 3 0x80000284 (0x0383305b) c2060_rpc 0x800002b8 current mask:	000000ff current npc:	80000278 stack size: 0
core   0: 0x80000288 (0x0200825b) vbeq    v0, v1, pc + 36
core   0: 3 0x80000288 (0x0200825b) c8_vstart 0x00000000 e32 m1 l8 current mask:	000000ff current npc:	8000028c stack size: 0
core   1: 0x80000288 (0x0200825b) vbeq    v0, v1, pc + 36
core   1: 3 0x80000288 (0x0200825b) c8_vstart 0x00000000 e32 m1 l8 current mask:	000000ff current npc:	8000028c stack size: 0
core   2: 0x80000288 (0x0200825b) vbeq    v0, v1, pc + 36
core   2: 3 0x80000288 (0x0200825b) c8_vstart 0x00000000 e32 m1 l8 current mask:	000000ff current npc:	8000028c stack size: 0
core   3: 0x80000288 (0x0200825b) vbeq    v0, v1, pc + 36
core   3: 3 0x80000288 (0x0200825b) c8_vstart 0x00000000 e32 m1 l8 current mask:	000000ff current npc:	8000028c stack size: 0
core   0: 0x8000028c (0x5e0040d7) vmv.v.x v1, x0
core   0: 3 0x8000028c (0x5e0040d7) c8_vstart 0x00000000 e32 m1 l8 v1  000000ff 0x00000000 00000000 00000000 00000000 00000000 00000000 00000000 00000000 
core   1: 0x8000028c (0x5e0040d7) vmv.v.x v1, x0
core   1: 3 0x8000028c (0x5e0040d7) c8_vstart 0x00000000 e32 m1 l8 v1  000000ff 0x00000000 00000000 00000000 00000000 00000000 00000000 00000000 00000000 
core   2: 0x8000028c (0x5e0040d7) vmv.v.x v1, x0
core   2: 3 0x8000028c (0x5e0040d7) c8_vstart 0x00000000 e32 m1 l8 v1  000000ff 0x00000000 00000000 00000000 00000000 00000000 00000000 00000000 00000000 
core   3: 0x8000028c (0x5e0040d7) vmv.v.x v1, x0
core   3: 3 0x8000028c (0x5e0040d7) c8_vstart 0x00000000 e32 m1 l8 v1  000000ff 0x00000000 00000000 00000000 00000000 00000000 00000000 00000000 00000000 
core   0: 0x80000290 (0x00000317) auipc   x6, 0x0
core   0: 3 0x80000290 (0x00000317) x6  0x80000290
core   1: 0x80000290 (0x00000317) auipc   x6, 0x0
core   1: 3 0x80000290 (0x00000317) x6  0x80000290
core   2: 0x80000290 (0x00000317) auipc   x6, 0x0
core   2: 3 0x80000290 (0x00000317) x6  0x80000290
core   3: 0x80000290 (0x00000317) auipc   x6, 0x0
core   3: 3 0x80000290 (0x00000317) x6  0x80000290
core   0: 0x80000294 (0x0283305b) setrpc  x0, x6, 40
core   0: 3 0x80000294 (0x0283305b) c2060_rpc 0x800002b8 current mask:	000000ff current npc:	8000028c stack size: 0
core   1: 0x80000294 (0x0283305b) setrpc  x0, x6, 40
core   1: 3 0x80000294 (0x0283305b) c2060_rpc 0x800002b8 current mask:	000000ff current npc:	8000028c stack size: 0
core   2: 0x80000294 (0x0283305b) setrpc  x0, x6, 40
core   2: 3 0x80000294 (0x0283305b) c2060_rpc 0x800002b8 current mask:	000000ff current npc:	8000028c stack size: 0
core   3: 0x80000294 (0x0283305b) setrpc  x0, x6, 40
core   3: 3 0x80000294 (0x0283305b) c2060_rpc 0x800002b8 current mask:	000000ff current npc:	8000028c stack size: 0
core   0: 0x80000298 (0x00009e5b) vbne    v0, v1, pc + 28
core   0: 3 0x80000298 (0x00009e5b) c8_vstart 0x00000000 e32 m1 l8 current mask:	000000ff current npc:	8000029c stack size: 0
core   1: 0x80000298 (0x00009e5b) vbne    v0, v1, pc + 28
core   1: 3 0x80000298 (0x00009e5b) c8_vstart 0x00000000 e32 m1 l8 current mask:	000000ff current npc:	8000029c stack size: 0
core   2: 0x80000298 (0x00009e5b) vbne    v0, v1, pc + 28
core   2: 3 0x80000298 (0x00009e5b) c8_vstart 0x00000000 e32 m1 l8 current mask:	000000ff current npc:	8000029c stack size: 0
core   3: 0x80000298 (0x00009e5b) vbne    v0, v1, pc + 28
core   3: 3 0x80000298 (0x00009e5b) c8_vstart 0x00000000 e32 m1 l8 current mask:	000000ff current npc:	8000029c stack size: 0
core   0: 0x8000029c (0x160000ef) jal     pc + 0x160
core   0: 3 0x8000029c (0x160000ef) x1  0x800002a0
core   1: 0x8000029c (0x160000ef) jal     pc + 0x160
core   1: 3 0x8000029c (0x160000ef) x1  0x800002a0
core   2: 0x8000029c (0x160000ef) jal     pc + 0x160
core   2: 3 0x8000029c (0x160000ef) x1  0x800002a0
core   3: 0x8000029c (0x160000ef) jal     pc + 0x160
core   3: 3 0x8000029c (0x160000ef) x1  0x800002a0
core   0: 0x800003fc (0x00410113) addi    x2, x2, 4
core   0: 3 0x800003fc (0x00410113) x2  0x70000014
core   1: 0x800003fc (0x00410113) addi    x2, x2, 4
core   1: 3 0x800003fc (0x00410113) x2  0x70000414
core   2: 0x800003fc (0x00410113) addi    x2, x2, 4
core   2: 3 0x800003fc (0x00410113) x2  0x70000814
core   3: 0x800003fc (0x00410113) addi    x2, x2, 4
core   3: 3 0x800003fc (0x00410113) x2  0x70000c14
core   0: 0x80000400 (0x00112023) sw      x1, 0(x2)
core   0: 3 0x80000400 (0x00112023) mem 0x70000014 0x800002a0
core   1: 0x80000400 (0x00112023) sw      x1, 0(x2)
core   1: 3 0x80000400 (0x00112023) mem 0x70000414 0x800002a0
core   2: 0x80000400 (0x00112023) sw      x1, 0(x2)
core   2: 3 0x80000400 (0x00112023) mem 0x70000814 0x800002a0
core   3: 0x80000400 (0x00112023) sw      x1, 0(x2)
core   3: 3 0x80000400 (0x00112023) mem 0x70000c14 0x800002a0
core   0: 0x80000404 (0xf71ff0ef) jal     pc - 0x90
core   0: 3 0x80000404 (0xf71ff0ef) x1  0x80000408
core   1: 0x80000404 (0xf71ff0ef) jal     pc - 0x90
core   1: 3 0x80000404 (0xf71ff0ef) x1  0x80000408
core   2: 0x80000404 (0xf71ff0ef) jal     pc - 0x90
core   2: 3 0x80000404 (0xf71ff0ef) x1  0x80000408
core   3: 0x80000404 (0xf71ff0ef) jal     pc - 0x90
core   3: 3 0x80000404 (0xf71ff0ef) x1  0x80000408
core   0: 0x80000374 (0x80302573) csrr    x10, knl
core   0: 3 0x80000374 (0x80302573) x10 0x900d2000
core   1: 0x80000374 (0x80302573) csrr    x10, knl
core   1: 3 0x80000374 (0x80302573) x10 0x900d2000
core   2: 0x80000374 (0x80302573) csrr    x10, knl
core   2: 3 0x80000374 (0x80302573) x10 0x900d2000
core   3: 0x80000374 (0x80302573) csrr    x10, knl
core   3: 3 0x80000374 (0x80302573) x10 0x900d2000
core   0: 0x80000378 (0x00852283) lw      x5, 8(x10)
core   0: 3 0x80000378 (0x00852283) x5  0x00000002 mem 0x900d2008
core   1: 0x80000378 (0x00852283) lw      x5, 8(x10)
core   1: 3 0x80000378 (0x00852283) x5  0x00000002 mem 0x900d2008
core   2: 0x80000378 (0x00852283) lw      x5, 8(x10)
core   2: 3 0x80000378 (0x00852283) x5  0x00000002 mem 0x900d2008
core   3: 0x80000378 (0x00852283) lw      x5, 8(x10)
core   3: 3 0x80000378 (0x00852283) x5  0x00000002 mem 0x900d2008
core   0: 0x8000037c (0x80002373) csrr    x6, tid
core   0: 3 0x8000037c (0x80002373) x6  0x00000000
core   1: 0x8000037c (0x80002373) csrr    x6, tid
core   1: 3 0x8000037c (0x80002373) x6  0x00000008
core   2: 0x8000037c (0x80002373) csrr    x6, tid
core   2: 3 0x8000037c (0x80002373) x6  0x00000010
core   3: 0x8000037c (0x80002373) csrr    x6, tid
core   3: 3 0x8000037c (0x80002373) x6  0x00000018
core   0: 0x80000380 (0x5208a157) vid.v   v2
core   0: 3 0x80000380 (0x5208a157) c8_vstart 0x00000000 e32 m1 l8 v2  000000ff 0x00000007 00000006 00000005 00000004 00000003 00000002 00000001 00000000 
core   1: 0x80000380 (0x5208a157) vid.v   v2
core   1: 3 0x80000380 (0x5208a157) c8_vstart 0x00000000 e32 m1 l8 v2  000000ff 0x00000007 00000006 00000005 00000004 00000003 00000002 00000001 00000000 
core   2: 0x80000380 (0x5208a157) vid.v   v2
core   2: 3 0x80000380 (0x5208a157) c8_vstart 0x00000000 e32 m1 l8 v2  000000ff 0x00000007 00000006 00000005 00000004 00000003 00000002 00000001 00000000 
core   3: 0x80000380 (0x5208a157) vid.v   v2
core   3: 3 0x80000380 (0x5208a157) c8_vstart 0x00000000 e32 m1 l8 v2  000000ff 0x00000007 00000006 00000005 00000004 00000003 00000002 00000001 00000000 
core   0: 0x80000384 (0x02234057) vadd.vx v0, v2, x6
core   0: 3 0x80000384 (0x02234057) c8_vstart 0x00000000 e32 m1 l8 v0  000000ff 0x00000007 00000006 00000005 00000004 00000003 00000002 00000001 00000000 
core   1: 0x80000384 (0x02234057) vadd.vx v0, v2, x6
core   1: 3 0x80000384 (0x02234057) c8_vstart 0x00000000 e32 m1 l8 v0  000000ff 0x0000000f 0000000e 0000000d 0000000c 0000000b 0000000a 00000009 00000008 
core   2: 0x80000384 (0x02234057) vadd.vx v0, v2, x6
core   2: 3 0x80000384 (0x02234057) c8_vstart 0x00000000 e32 m1 l8 v0  000000ff 0x00000017 00000016 00000015 00000014 00000013 00000012 00000011 00000010 
core   3: 0x80000384 (0x02234057) vadd.vx v0, v2, x6
core   3: 3 0x80000384 (0x02234057) c8_vstart 0x00000000 e32 m1 l8 v0  000000ff 0x0000001f 0000001e 0000001d 0000001c 0000001b 0000001a 00000019 00000018 
core   0: 0x80000388 (0x00100393) li      x7, 1
core   0: 3 0x80000388 (0x00100393) x7  0x00000001
core   1: 0x80000388 (0x00100393) li      x7, 1
core   1: 3 0x80000388 (0x00100393) x7  0x00000001
core   2: 0x80000388 (0x00100393) li      x7, 1
core   2: 3 0x80000388 (0x00100393) x7  0x00000001
core   3: 0x80000388 (0x00100393) li      x7, 1
core   3: 3 0x80000388 (0x00100393) x7  0x00000001
core   0: 0x8000038c (0x00728663) beq     x5, x7, pc + 12
core   0: 3 0x8000038c (0x00728663)
core   1: 0x8000038c (0x00728663) beq     x5, x7, pc + 12
core   1: 3 0x8000038c (0x00728663)
core   2: 0x8000038c (0x00728663) beq     x5, x7, pc + 12
core   2: 3 0x8000038c (0x00728663)
core   3: 0x8000038c (0x00728663) beq     x5, x7, pc + 12
core   3: 3 0x8000038c (0x00728663)
core   0: 0x80000390 (0x01852e03) lw      x28, 24(x10)
core   0: 3 0x80000390 (0x01852e03) x28 0x00000020 mem 0x900d2018
core   1: 0x80000390 (0x01852e03) lw      x28, 24(x10)
core   1: 3 0x80000390 (0x01852e03) x28 0x00000020 mem 0x900d2018
core   2: 0x80000390 (0x01852e03) lw      x28, 24(x10)
core   2: 3 0x80000390 (0x01852e03) x28 0x00000020 mem 0x900d2018
core   3: 0x80000390 (0x01852e03) lw      x28, 24(x10)
core   3: 3 0x80000390 (0x01852e03) x28 0x00000020 mem 0x900d2018
core   0: 0x80000394 (0x8a0e6057) vremu.vx v0, v0, x28
core   0: 3 0x80000394 (0x8a0e6057) c8_vstart 0x00000000 e32 m1 l8 v0  000000ff 0x00000007 00000006 00000005 00000004 00000003 00000002 00000001 00000000 
core   1: 0x80000394 (0x8a0e6057) vremu.vx v0, v0, x28
core   1: 3 0x80000394 (0x8a0e6057) c8_vstart 0x00000000 e32 m1 l8 v0  000000ff 0x0000000f 0000000e 0000000d 0000000c 0000000b 0000000a 00000009 00000008 
core   2: 0x80000394 (0x8a0e6057) vremu.vx v0, v0, x28
core   2: 3 0x80000394 (0x8a0e6057) c8_vstart 0x00000000 e32 m1 l8 v0  000000ff 0x00000017 00000016 00000015 00000014 00000013 00000012 00000011 00000010 
core   3: 0x80000394 (0x8a0e6057) vremu.vx v0, v0, x28
core   3: 3 0x80000394 (0x8a0e6057) c8_vstart 0x00000000 e32 m1 l8 v0  000000ff 0x0000001f 0000001e 0000001d 0000001c 0000001b 0000001a 00000019 00000018 
core   0: 0x80000398 (0x00008067) ret
core   0: 3 0x80000398 (0x00008067)
core   1: 0x80000398 (0x00008067) ret
core   1: 3 0x80000398 (0x00008067)
core   2: 0x80000398 (0x00008067) ret
core   2: 3 0x80000398 (0x00008067)
core   3: 0x80000398 (0x00008067) ret
core   3: 3 0x80000398 (0x00008067)
core   0: 0x80000408 (0x80302573) csrr    x10, knl
core   0: 3 0x80000408 (0x80302573) x10 0x900d2000
core   1: 0x80000408 (0x80302573) csrr    x10, knl
core   1: 3 0x80000408 (0x80302573) x10 0x900d2000
core   2: 0x80000408 (0x80302573) csrr    x10, knl
core   2: 3 0x80000408 (0x80302573) x10 0x900d2000
core   3: 0x80000408 (0x80302573) csrr    x10, knl
core   3: 3 0x80000408 (0x80302573) x10 0x900d2000
core   0: 0x8000040c (0x80802373) csrr    x6, gidx
core   0: 3 0x8000040c (0x80802373) x6  0x00000000
core   1: 0x8000040c (0x80802373) csrr    x6, gidx
core   1: 3 0x8000040c (0x80802373) x6  0x00000000
core   2: 0x8000040c (0x80802373) csrr    x6, gidx
core   2: 3 0x8000040c (0x80802373) x6  0x00000000
core   3: 0x8000040c (0x80802373) csrr    x6, gidx
core   3: 3 0x8000040c (0x80802373) x6  0x00000000
core   0: 0x80000410 (0x01852e03) lw      x28, 24(x10)
core   0: 3 0x80000410 (0x01852e03) x28 0x00000020 mem 0x900d2018
core   1: 0x80000410 (0x01852e03) lw      x28, 24(x10)
core   1: 3 0x80000410 (0x01852e03) x28 0x00000020 mem 0x900d2018
core   2: 0x80000410 (0x01852e03) lw      x28, 24(x10)
core   2: 3 0x80000410 (0x01852e03) x28 0x00000020 mem 0x900d2018
core   3: 0x80000410 (0x01852e03) lw      x28, 24(x10)
core   3: 3 0x80000410 (0x01852e03) x28 0x00000020 mem 0x900d2018
core   0: 0x80000414 (0x03c30fb3) mul     x31, x6, x28
core   0: 3 0x80000414 (0x03c30fb3) x31 0x00000000
core   1: 0x80000414 (0x03c30fb3) mul     x31, x6, x28
core   1: 3 0x80000414 (0x03c30fb3) x31 0x00000000
core   2: 0x80000414 (0x03c30fb3) mul     x31, x6, x28
core   2: 3 0x80000414 (0x03c30fb3) x31 0x00000000
core   3: 0x80000414 (0x03c30fb3) mul     x31, x6, x28
core   3: 3 0x80000414 (0x03c30fb3) x31 0x00000000
core   0: 0x80000418 (0x020fc057) vadd.vx v0, v0, x31
core   0: 3 0x80000418 (0x020fc057) c8_vstart 0x00000000 e32 m1 l8 v0  000000ff 0x00000007 00000006 00000005 00000004 00000003 00000002 00000001 00000000 
core   1: 0x80000418 (0x020fc057) vadd.vx v0, v0, x31
core   1: 3 0x80000418 (0x020fc057) c8_vstart 0x00000000 e32 m1 l8 v0  000000ff 0x0000000f 0000000e 0000000d 0000000c 0000000b 0000000a 00000009 00000008 
core   2: 0x80000418 (0x020fc057) vadd.vx v0, v0, x31
core   2: 3 0x80000418 (0x020fc057) c8_vstart 0x00000000 e32 m1 l8 v0  000000ff 0x00000017 00000016 00000015 00000014 00000013 00000012 00000011 00000010 
core   3: 0x80000418 (0x020fc057) vadd.vx v0, v0, x31
core   3: 3 0x80000418 (0x020fc057) c8_vstart 0x00000000 e32 m1 l8 v0  000000ff 0x0000001f 0000001e 0000001d 0000001c 0000001b 0000001a 00000019 00000018 
core   0: 0x8000041c (0x00012083) lw      x1, 0(x2)
core   0: 3 0x8000041c (0x00012083) x1  0x800002a0 mem 0x70000014
core   1: 0x8000041c (0x00012083) lw      x1, 0(x2)
core   1: 3 0x8000041c (0x00012083) x1  0x800002a0 mem 0x70000414
core   2: 0x8000041c (0x00012083) lw      x1, 0(x2)
core   2: 3 0x8000041c (0x00012083) x1  0x800002a0 mem 0x70000814
core   3: 0x8000041c (0x00012083) lw      x1, 0(x2)
core   3: 3 0x8000041c (0x00012083) x1  0x800002a0 mem 0x70000c14
core   0: 0x80000420 (0xffc10113) addi    x2, x2, -4
core   0: 3 0x80000420 (0xffc10113) x2  0x70000010
core   1: 0x80000420 (0xffc10113) addi    x2, x2, -4
core   1: 3 0x80000420 (0xffc10113) x2  0x70000410
core   2: 0x80000420 (0xffc10113) addi    x2, x2, -4
core   2: 3 0x80000420 (0xffc10113) x2  0x70000810
core   3: 0x80000420 (0xffc10113) addi    x2, x2, -4
core   3: 3 0x80000420 (0xffc10113) x2  0x70000c10
core   0: 0x80000424 (0x00008067) ret
core   0: 3 0x80000424 (0x00008067)
core   1: 0x80000424 (0x00008067) ret
core   1: 3 0x80000424 (0x00008067)
core   2: 0x80000424 (0x00008067) ret
core   2: 3 0x80000424 (0x00008067)
core   3: 0x80000424 (0x00008067) ret
core   3: 3 0x80000424 (0x00008067)
core   0: 0x800002a0 (0x0180006f) j       pc + 0x18
core   0: 3 0x800002a0 (0x0180006f)
core   1: 0x800002a0 (0x0180006f) j       pc + 0x18
core   1: 3 0x800002a0 (0x0180006f)
core   2: 0x800002a0 (0x0180006f) j       pc + 0x18
core   2: 3 0x800002a0 (0x0180006f)
core   3: 0x800002a0 (0x0180006f) j       pc + 0x18
core   3: 3 0x800002a0 (0x0180006f)
core   0: 0x800002b8 (0x0000205b) join    v0, v0, pc + 0
core   0: 3 0x800002b8 (0x0000205b) current mask:	000000ff current npc:	8000029c stack size: 0
core   1: 0x800002b8 (0x0000205b) join    v0, v0, pc + 0
core   1: 3 0x800002b8 (0x0000205b) current mask:	000000ff current npc:	8000029c stack size: 0
core   2: 0x800002b8 (0x0000205b) join    v0, v0, pc + 0
core   2: 3 0x800002b8 (0x0000205b) current mask:	000000ff current npc:	8000029c stack size: 0
core   3: 0x800002b8 (0x0000205b) join    v0, v0, pc + 0
core   3: 3 0x800002b8 (0x0000205b) current mask:	000000ff current npc:	8000029c stack size: 0
core   0: 0x800002bc (0x00012083) lw      x1, 0(x2)
core   0: 3 0x800002bc (0x00012083) x1  0x800001e4 mem 0x70000010
core   1: 0x800002bc (0x00012083) lw      x1, 0(x2)
core   1: 3 0x800002bc (0x00012083) x1  0x800001e4 mem 0x70000410
core   2: 0x800002bc (0x00012083) lw      x1, 0(x2)
core   2: 3 0x800002bc (0x00012083) x1  0x800001e4 mem 0x70000810
core   3: 0x800002bc (0x00012083) lw      x1, 0(x2)
core   3: 3 0x800002bc (0x00012083) x1  0x800001e4 mem 0x70000c10
core   0: 0x800002c0 (0xffc10113) addi    x2, x2, -4
core   0: 3 0x800002c0 (0xffc10113) x2  0x7000000c
core   1: 0x800002c0 (0xffc10113) addi    x2, x2, -4
core   1: 3 0x800002c0 (0xffc10113) x2  0x7000040c
core   2: 0x800002c0 (0xffc10113) addi    x2, x2, -4
core   2: 3 0x800002c0 (0xffc10113) x2  0x7000080c
core   3: 0x800002c0 (0xffc10113) addi    x2, x2, -4
core   3: 3 0x800002c0 (0xffc10113) x2  0x70000c0c
core   0: 0x800002c4 (0x00008067) ret
core   0: 3 0x800002c4 (0x00008067)
core   1: 0x800002c4 (0x00008067) ret
core   1: 3 0x800002c4 (0x00008067)
core   2: 0x800002c4 (0x00008067) ret
core   2: 3 0x800002c4 (0x00008067)
core   3: 0x800002c4 (0x00008067) ret
core   3: 3 0x800002c4 (0x00008067)
core   0: 0x800001e4 (0xff812283) lw      x5, -8(x2)
core   0: 3 0x800001e4 (0xff812283) x5  0x00000020 mem 0x70000004
core   1: 0x800001e4 (0xff812283) lw      x5, -8(x2)
core   1: 3 0x800001e4 (0xff812283) x5  0x00000020 mem 0x70000404
core   2: 0x800001e4 (0xff812283) lw      x5, -8(x2)
core   2: 3 0x800001e4 (0xff812283) x5  0x00000020 mem 0x70000804
core   3: 0x800001e4 (0xff812283) lw      x5, -8(x2)
core   3: 3 0x800001e4 (0xff812283) x5  0x00000020 mem 0x70000c04
core   0: 0x800001e8 (0x5e02c0d7) vmv.v.x v1, x5
core   0: 3 0x800001e8 (0x5e02c0d7) c8_vstart 0x00000000 e32 m1 l8 v1  000000ff 0x00000020 00000020 00000020 00000020 00000020 00000020 00000020 00000020 
core   1: 0x800001e8 (0x5e02c0d7) vmv.v.x v1, x5
core   1: 3 0x800001e8 (0x5e02c0d7) c8_vstart 0x00000000 e32 m1 l8 v1  000000ff 0x00000020 00000020 00000020 00000020 00000020 00000020 00000020 00000020 
core   2: 0x800001e8 (0x5e02c0d7) vmv.v.x v1, x5
core   2: 3 0x800001e8 (0x5e02c0d7) c8_vstart 0x00000000 e32 m1 l8 v1  000000ff 0x00000020 00000020 00000020 00000020 00000020 00000020 00000020 00000020 
core   3: 0x800001e8 (0x5e02c0d7) vmv.v.x v1, x5
core   3: 3 0x800001e8 (0x5e02c0d7) c8_vstart 0x00000000 e32 m1 l8 v1  000000ff 0x00000020 00000020 00000020 00000020 00000020 00000020 00000020 00000020 
core   0: 0x800001ec (0x00000317) auipc   x6, 0x0
core   0: 3 0x800001ec (0x00000317) x6  0x800001ec
core   1: 0x800001ec (0x00000317) auipc   x6, 0x0
core   1: 3 0x800001ec (0x00000317) x6  0x800001ec
core   2: 0x800001ec (0x00000317) auipc   x6, 0x0
core   2: 3 0x800001ec (0x00000317) x6  0x800001ec
core   3: 0x800001ec (0x00000317) auipc   x6, 0x0
core   3: 3 0x800001ec (0x00000317) x6  0x800001ec
core   0: 0x800001f0 (0x0603305b) setrpc  x0, x6, 96
core   0: 3 0x800001f0 (0x0603305b) c2060_rpc 0x8000024c current mask:	000000ff current npc:	8000029c stack size: 0
core   1: 0x800001f0 (0x0603305b) setrpc  x0, x6, 96
core   1: 3 0x800001f0 (0x0603305b) c2060_rpc 0x8000024c current mask:	000000ff current npc:	8000029c stack size: 0
core   2: 0x800001f0 (0x0603305b) setrpc  x0, x6, 96
core   2: 3 0x800001f0 (0x0603305b) c2060_rpc 0x8000024c current mask:	000000ff current npc:	8000029c stack size: 0
core   3: 0x800001f0 (0x0603305b) setrpc  x0, x6, 96
core   3: 3 0x800001f0 (0x0603305b) c2060_rpc 0x8000024c current mask:	000000ff current npc:	8000029c stack size: 0
core   0: 0x800001f4 (0x0400dc5b) vbge    v0, v1, pc + 88
core   0: 3 0x800001f4 (0x0400dc5b) c8_vstart 0x00000000 e32 m1 l8 current mask:	000000ff current npc:	800001f8 stack size: 0
core   1: 0x800001f4 (0x0400dc5b) vbge    v0, v1, pc + 88
core   1: 3 0x800001f4 (0x0400dc5b) c8_vstart 0x00000000 e32 m1 l8 current mask:	000000ff current npc:	800001f8 stack size: 0
core   2: 0x800001f4 (0x0400dc5b) vbge    v0, v1, pc + 88
core   2: 3 0x800001f4 (0x0400dc5b) c8_vstart 0x00000000 e32 m1 l8 current mask:	000000ff current npc:	800001f8 stack size: 0
core   3: 0x800001f4 (0x0400dc5b) vbge    v0, v1, pc + 88
core   3: 3 0x800001f4 (0x0400dc5b) c8_vstart 0x00000000 e32 m1 l8 current mask:	000000ff current npc:	800001f8 stack size: 0
core   0: 0x800001f8 (0xffc12283) lw      x5, -4(x2)
core   0: 3 0x800001f8 (0xffc12283) x5  0x900b1000 mem 0x70000008
core   1: 0x800001f8 (0xffc12283) lw      x5, -4(x2)
core   1: 3 0x800001f8 (0xffc12283) x5  0x900b1000 mem 0x70000408
core   2: 0x800001f8 (0xffc12283) lw      x5, -4(x2)
core   2: 3 0x800001f8 (0xffc12283) x5  0x900b1000 mem 0x70000808
core   3: 0x800001f8 (0xffc12283) lw      x5, -4(x2)
core   3: 3 0x800001f8 (0xffc12283) x5  0x900b1000 mem 0x70000c08
core   0: 0x800001fc (0x0042a283) lw      x5, 4(x5)
core   0: 3 0x800001fc (0x0042a283) x5  0x90003000 mem 0x900b1004
core   1: 0x800001fc (0x0042a283) lw      x5, 4(x5)
core   1: 3 0x800001fc (0x0042a283) x5  0x90003000 mem 0x900b1004
core   2: 0x800001fc (0x0042a283) lw      x5, 4(x5)
core   2: 3 0x800001fc (0x0042a283) x5  0x90003000 mem 0x900b1004
core   3: 0x800001fc (0x0042a283) lw      x5, 4(x5)
core   3: 3 0x800001fc (0x0042a283) x5  0x90003000 mem 0x900b1004
core   0: 0x80000200 (0x0202c0d7) vadd.vx v1, v0, x5
core   0: 3 0x80000200 (0x0202c0d7) c8_vstart 0x00000000 e32 m1 l8 v1  000000ff 0x90003007 90003006 90003005 90003004 90003003 90003002 90003001 90003000 
core   1: 0x80000200 (0x0202c0d7) vadd.vx v1, v0, x5
core   1: 3 0x80000200 (0x0202c0d7) c8_vstart 0x00000000 e32 m1 l8 v1  000000ff 0x9000300f 9000300e 9000300d 9000300c 9000300b 9000300a 90003009 90003008 
core   2: 0x80000200 (0x0202c0d7) vadd.vx v1, v0, x5
core   2: 3 0x80000200 (0x0202c0d7) c8_vstart 0x00000000 e32 m1 l8 v1  000000ff 0x90003017 90003016 90003015 90003014 90003013 90003012 90003011 90003010 
core   3: 0x80000200 (0x0202c0d7) vadd.vx v1, v0, x5
core   3: 3 0x80000200 (0x0202c0d7) c8_vstart 0x00000000 e32 m1 l8 v1  000000ff 0x9000301f 9000301e 9000301d 9000301c 9000301b 9000301a 90003019 90003018 
core   0: 0x80000204 (0x0000c17b) vlbu12.v v2, v1, 0
core   0: 3 0x80000204 (0x0000c17b) e32 m1 l8 v2  000000ff 0x00000001 00000000 00000001 00000000 00000000 00000001 00000000 00000000  c8_vstart 0x00000000 mem 0x90003000 mem 0x90003001 mem 0x90003002 mem 0x90003003 mem 0x90003004 mem 0x90003005 mem 0x90003006 mem 0x90003007
core   1: 0x80000204 (0x0000c17b) vlbu12.v v2, v1, 0
core   1: 3 0x80000204 (0x0000c17b) e32 m1 l8 v2  000000ff 0x00000000 00000000 00000000 00000000 00000000 00000001 00000000 00000000  c8_vstart 0x00000000 mem 0x90003008 mem 0x90003009 mem 0x9000300a mem 0x9000300b mem 0x9000300c mem 0x9000300d mem 0x9000300e mem 0x9000300f
core   2: 0x80000204 (0x0000c17b) vlbu12.v v2, v1, 0
core   2: 3 0x80000204 (0x0000c17b) e32 m1 l8 v2  000000ff 0x00000001 00000000 00000000 00000000 00000000 00000000 00000001 00000000  c8_vstart 0x00000000 mem 0x90003010 mem 0x90003011 mem 0x90003012 mem 0x90003013 mem 0x90003014 mem 0x90003015 mem 0x90003016 mem 0x90003017
core   3: 0x80000204 (0x0000c17b) vlbu12.v v2, v1, 0
core   3: 3 0x80000204 (0x0000c17b) e32 m1 l8 v2  000000ff 0x00000000 00000000 00000000 00000000 00000000 00000001 00000000 00000000  c8_vstart 0x00000000 mem 0x90003018 mem 0x90003019 mem 0x9000301a mem 0x9000301b mem 0x9000301c mem 0x9000301d mem 0x9000301e mem 0x9000301f
core   0: 0x80000208 (0x5e0041d7) vmv.v.x v3, x0
core   0: 3 0x80000208 (0x5e0041d7) c8_vstart 0x00000000 e32 m1 l8 v3  000000ff 0x00000000 00000000 00000000 00000000 00000000 00000000 00000000 00000000 
core   1: 0x80000208 (0x5e0041d7) vmv.v.x v3, x0
core   1: 3 0x80000208 (0x5e0041d7) c8_vstart 0x00000000 e32 m1 l8 v3  000000ff 0x00000000 00000000 00000000 00000000 00000000 00000000 00000000 00000000 
core   2: 0x80000208 (0x5e0041d7) vmv.v.x v3, x0
core   2: 3 0x80000208 (0x5e0041d7) c8_vstart 0x00000000 e32 m1 l8 v3  000000ff 0x00000000 00000000 00000000 00000000 00000000 00000000 00000000 00000000 
core   3: 0x80000208 (0x5e0041d7) vmv.v.x v3, x0
core   3: 3 0x80000208 (0x5e0041d7) c8_vstart 0x00000000 e32 m1 l8 v3  000000ff 0x00000000 00000000 00000000 00000000 00000000 00000000 00000000 00000000 
core   0: 0x8000020c (0x00000317) auipc   x6, 0x0
core   0: 3 0x8000020c (0x00000317) x6  0x8000020c
core   1: 0x8000020c (0x00000317) auipc   x6, 0x0
core   1: 3 0x8000020c (0x00000317) x6  0x8000020c
core   2: 0x8000020c (0x00000317) auipc   x6, 0x0
core   2: 3 0x8000020c (0x00000317) x6  0x8000020c
core   3: 0x8000020c (0x00000317) auipc   x6, 0x0
core   3: 3 0x8000020c (0x00000317) x6  0x8000020c
core   0: 0x80000210 (0x0403305b) setrpc  x0, x6, 64
core   0: 3 0x80000210 (0x0403305b) c2060_rpc 0x8000024c current mask:	000000ff current npc:	800001f8 stack size: 0
core   1: 0x80000210 (0x0403305b) setrpc  x0, x6, 64
core   1: 3 0x80000210 (0x0403305b) c2060_rpc 0x8000024c current mask:	000000ff current npc:	800001f8 stack size: 0
core   2: 0x80000210 (0x0403305b) setrpc  x0, x6, 64
core   2: 3 0x80000210 (0x0403305b) c2060_rpc 0x8000024c current mask:	000000ff current npc:	800001f8 stack size: 0
core   3: 0x80000210 (0x0403305b) setrpc  x0, x6, 64
core   3: 3 0x80000210 (0x0403305b) c2060_rpc 0x8000024c current mask:	000000ff current npc:	800001f8 stack size: 0
core   0: 0x80000214 (0x02218c5b) vbeq    v2, v3, pc + 56
core   0: 3 0x80000214 (0x02218c5b) c8_vstart 0x00000000 e32 m1 l8 current mask:	000000a4 current npc:	80000218 stack size: 2
[r_pc] 8000024c [else_pc] 8000024c [else_mask] 0000005b 
[r_pc] 8000024c [else_pc] 8000024c [else_mask] 000000ff 
core   1: 0x80000214 (0x02218c5b) vbeq    v2, v3, pc + 56
core   1: 3 0x80000214 (0x02218c5b) c8_vstart 0x00000000 e32 m1 l8 current mask:	00000004 current npc:	80000218 stack size: 2
[r_pc] 8000024c [else_pc] 8000024c [else_mask] 000000fb 
[r_pc] 8000024c [else_pc] 8000024c [else_mask] 000000ff 
core   2: 0x80000214 (0x02218c5b) vbeq    v2, v3, pc + 56
core   2: 3 0x80000214 (0x02218c5b) c8_vstart 0x00000000 e32 m1 l8 current mask:	00000082 current npc:	80000218 stack size: 2
[r_pc] 8000024c [else_pc] 8000024c [else_mask] 0000007d 
[r_pc] 8000024c [else_pc] 8000024c [else_mask] 000000ff 
core   3: 0x80000214 (0x02218c5b) vbeq    v2, v3, pc + 56
core   3: 3 0x80000214 (0x02218c5b) c8_vstart 0x00000000 e32 m1 l8 current mask:	00000004 current npc:	80000218 stack size: 2
[r_pc] 8000024c [else_pc] 8000024c [else_mask] 000000fb 
[r_pc] 8000024c [else_pc] 8000024c [else_mask] 000000ff 
core   0: 0x80000218 (0x5e004157) vmv.v.x v2, x0
core   0: 3 0x80000218 (0x5e004157) c8_vstart 0x00000000 e32 m1 l8 v2  000000a4 0x00000000 00000000 00000000 00000000 00000000 00000000 00000000 00000000 
core   1: 0x80000218 (0x5e004157) vmv.v.x v2, x0
core   1: 3 0x80000218 (0x5e004157) c8_vstart 0x00000000 e32 m1 l8 v2  00000004 0x00000000 00000000 00000000 00000000 00000000 00000000 00000000 00000000 
core   2: 0x80000218 (0x5e004157) vmv.v.x v2, x0
core   2: 3 0x80000218 (0x5e004157) c8_vstart 0x00000000 e32 m1 l8 v2  00000082 0x00000000 00000000 00000000 00000000 00000000 00000000 00000000 00000000 
core   3: 0x80000218 (0x5e004157) vmv.v.x v2, x0
core   3: 3 0x80000218 (0x5e004157) c8_vstart 0x00000000 e32 m1 l8 v2  00000004 0x00000000 00000000 00000000 00000000 00000000 00000000 00000000 00000000 
core   0: 0x8000021c (0xffc12383) lw      x7, -4(x2)
core   0: 3 0x8000021c (0xffc12383) x7  0x900b1000 mem 0x70000008
core   1: 0x8000021c (0xffc12383) lw      x7, -4(x2)
core   1: 3 0x8000021c (0xffc12383) x7  0x900b1000 mem 0x70000408
core   2: 0x8000021c (0xffc12383) lw      x7, -4(x2)
core   2: 3 0x8000021c (0xffc12383) x7  0x900b1000 mem 0x70000808
core   3: 0x8000021c (0xffc12383) lw      x7, -4(x2)
core   3: 3 0x8000021c (0xffc12383) x7  0x900b1000 mem 0x70000c08
core   0: 0x80000220 (0x00c3a283) lw      x5, 12(x7)
core   0: 3 0x80000220 (0x00c3a283) x5  0x90006000 mem 0x900b100c
core   1: 0x80000220 (0x00c3a283) lw      x5, 12(x7)
core   1: 3 0x80000220 (0x00c3a283) x5  0x90006000 mem 0x900b100c
core   2: 0x80000220 (0x00c3a283) lw      x5, 12(x7)
core   2: 3 0x80000220 (0x00c3a283) x5  0x90006000 mem 0x900b100c
core   3: 0x80000220 (0x00c3a283) lw      x5, 12(x7)
core   3: 3 0x80000220 (0x00c3a283) x5  0x90006000 mem 0x900b100c
core   0: 0x80000224 (0x0003a303) lw      x6, 0(x7)
core   0: 3 0x80000224 (0x0003a303) x6  0x90002000 mem 0x900b1000
core   1: 0x80000224 (0x0003a303) lw      x6, 0(x7)
core   1: 3 0x80000224 (0x0003a303) x6  0x90002000 mem 0x900b1000
core   2: 0x80000224 (0x0003a303) lw      x6, 0(x7)
core   2: 3 0x80000224 (0x0003a303) x6  0x90002000 mem 0x900b1000
core   3: 0x80000224 (0x0003a303) lw      x6, 0(x7)
core   3: 3 0x80000224 (0x0003a303) x6  0x90002000 mem 0x900b1000
core   0: 0x80000228 (0x0083a383) lw      x7, 8(x7)
core   0: 3 0x80000228 (0x0083a383) x7  0x90004000 mem 0x900b1008
core   1: 0x80000228 (0x0083a383) lw      x7, 8(x7)
core   1: 3 0x80000228 (0x0083a383) x7  0x90004000 mem 0x900b1008
core   2: 0x80000228 (0x0083a383) lw      x7, 8(x7)
core   2: 3 0x80000228 (0x0083a383) x7  0x90004000 mem 0x900b1008
core   3: 0x80000228 (0x0083a383) lw      x7, 8(x7)
core   3: 3 0x80000228 (0x0083a383) x7  0x90004000 mem 0x900b1008
core   0: 0x8000022c (0x020341d7) vadd.vx v3, v0, x6
core   0: 3 0x8000022c (0x020341d7) c8_vstart 0x00000000 e32 m1 l8 v3  000000a4 0x90002007 00000000 90002005 00000000 00000000 90002002 00000000 00000000 
core   1: 0x8000022c (0x020341d7) vadd.vx v3, v0, x6
core   1: 3 0x8000022c (0x020341d7) c8_vstart 0x00000000 e32 m1 l8 v3  00000004 0x00000000 00000000 00000000 00000000 00000000 9000200a 00000000 00000000 
core   2: 0x8000022c (0x020341d7) vadd.vx v3, v0, x6
core   2: 3 0x8000022c (0x020341d7) c8_vstart 0x00000000 e32 m1 l8 v3  00000082 0x90002017 00000000 00000000 00000000 00000000 00000000 90002011 00000000 
core   3: 0x8000022c (0x020341d7) vadd.vx v3, v0, x6
core   3: 3 0x8000022c (0x020341d7) c8_vstart 0x00000000 e32 m1 l8 v3  00000004 0x00000000 00000000 00000000 00000000 00000000 9000201a 00000000 00000000 
core   0: 0x80000230 (0x00100313) li      x6, 1
core   0: 3 0x80000230 (0x00100313) x6  0x00000001
core   1: 0x80000230 (0x00100313) li      x6, 1
core   1: 3 0x80000230 (0x00100313) x6  0x00000001
core   2: 0x80000230 (0x00100313) li      x6, 1
core   2: 3 0x80000230 (0x00100313) x6  0x00000001
core   3: 0x80000230 (0x00100313) li      x6, 1
core   3: 3 0x80000230 (0x00100313) x6  0x00000001
core   0: 0x80000234 (0x5e034257) vmv.v.x v4, x6
core   0: 3 0x80000234 (0x5e034257) c8_vstart 0x00000000 e32 m1 l8 v4  000000a4 0x00000001 00000000 00000001 00000000 00000000 00000001 00000000 00000000 
core   1: 0x80000234 (0x5e034257) vmv.v.x v4, x6
core   1: 3 0x80000234 (0x5e034257) c8_vstart 0x00000000 e32 m1 l8 v4  00000004 0x00000000 00000000 00000000 00000000 00000000 00000001 00000000 00000000 
core   2: 0x80000234 (0x5e034257) vmv.v.x v4, x6
core   2: 3 0x80000234 (0x5e034257) c8_vstart 0x00000000 e32 m1 l8 v4  00000082 0x00000001 00000000 00000000 00000000 00000000 00000000 00000001 00000000 
core   3: 0x80000234 (0x5e034257) vmv.v.x v4, x6
core   3: 3 0x80000234 (0x5e034257) c8_vstart 0x00000000 e32 m1 l8 v4  00000004 0x00000000 00000000 00000000 00000000 00000000 00000001 00000000 00000000 
core   0: 0x80000238 (0x0041f07b) vsb12.v v4, v3, 0
core   0: 3 0x80000238 (0x0041f07b) c8_vstart 0x00000000 e32 m1 l8 mem 0x90002002 0x1 mem 0x90002005 0x1 mem 0x90002007 0x1
core   1: 0x80000238 (0x0041f07b) vsb12.v v4, v3, 0
core   1: 3 0x80000238 (0x0041f07b) c8_vstart 0x00000000 e32 m1 l8 mem 0x9000200a 0x1
core   2: 0x80000238 (0x0041f07b) vsb12.v v4, v3, 0
core   2: 3 0x80000238 (0x0041f07b) c8_vstart 0x00000000 e32 m1 l8 mem 0x90002011 0x1 mem 0x90002017 0x1
core   3: 0x80000238 (0x0041f07b) vsb12.v v4, v3, 0
core   3: 3 0x80000238 (0x0041f07b) c8_vstart 0x00000000 e32 m1 l8 mem 0x9000201a 0x1
core   0: 0x8000023c (0x0203c057) vadd.vx v0, v0, x7
core   0: 3 0x8000023c (0x0203c057) c8_vstart 0x00000000 e32 m1 l8 v0  000000a4 0x90004007 00000006 90004005 00000004 00000003 90004002 00000001 00000000 
core   1: 0x8000023c (0x0203c057) vadd.vx v0, v0, x7
core   1: 3 0x8000023c (0x0203c057) c8_vstart 0x00000000 e32 m1 l8 v0  00000004 0x0000000f 0000000e 0000000d 0000000c 0000000b 9000400a 00000009 00000008 
core   2: 0x8000023c (0x0203c057) vadd.vx v0, v0, x7
core   2: 3 0x8000023c (0x0203c057) c8_vstart 0x00000000 e32 m1 l8 v0  00000082 0x90004017 00000016 00000015 00000014 00000013 00000012 90004011 00000010 
core   3: 0x8000023c (0x0203c057) vadd.vx v0, v0, x7
core   3: 3 0x8000023c (0x0203c057) c8_vstart 0x00000000 e32 m1 l8 v0  00000004 0x0000001f 0000001e 0000001d 0000001c 0000001b 9000401a 00000019 00000018 
core   0: 0x80000240 (0x0040707b) vsb12.v v4, v0, 0
core   0: 3 0x80000240 (0x0040707b) c8_vstart 0x00000000 e32 m1 l8 mem 0x90004002 0x1 mem 0x90004005 0x1 mem 0x90004007 0x1
core   1: 0x80000240 (0x0040707b) vsb12.v v4, v0, 0
core   1: 3 0x80000240 (0x0040707b) c8_vstart 0x00000000 e32 m1 l8 mem 0x9000400a 0x1
core   2: 0x80000240 (0x0040707b) vsb12.v v4, v0, 0
core   2: 3 0x80000240 (0x0040707b) c8_vstart 0x00000000 e32 m1 l8 mem 0x90004011 0x1 mem 0x90004017 0x1
core   3: 0x80000240 (0x0040707b) vsb12.v v4, v0, 0
core   3: 3 0x80000240 (0x0040707b) c8_vstart 0x00000000 e32 m1 l8 mem 0x9000401a 0x1
core   0: 0x80000244 (0x00628023) sb      x6, 0(x5)
core   0: 3 0x80000244 (0x00628023) mem 0x90006000 0x1
core   1: 0x80000244 (0x00628023) sb      x6, 0(x5)
core   1: 3 0x80000244 (0x00628023) mem 0x90006000 0x1
core   2: 0x80000244 (0x00628023) sb      x6, 0(x5)
core   2: 3 0x80000244 (0x00628023) mem 0x90006000 0x1
core   3: 0x80000244 (0x00628023) sb      x6, 0(x5)
core   3: 3 0x80000244 (0x00628023) mem 0x90006000 0x1
core   0: 0x80000248 (0x0020f07b) vsb12.v v2, v1, 0
core   0: 3 0x80000248 (0x0020f07b) c8_vstart 0x00000000 e32 m1 l8 mem 0x90003002 0x0 mem 0x90003005 0x0 mem 0x90003007 0x0
core   1: 0x80000248 (0x0020f07b) vsb12.v v2, v1, 0
core   1: 3 0x80000248 (0x0020f07b) c8_vstart 0x00000000 e32 m1 l8 mem 0x9000300a 0x0
core   2: 0x80000248 (0x0020f07b) vsb12.v v2, v1, 0
core   2: 3 0x80000248 (0x0020f07b) c8_vstart 0x00000000 e32 m1 l8 mem 0x90003011 0x0 mem 0x90003017 0x0
core   3: 0x80000248 (0x0020f07b) vsb12.v v2, v1, 0
core   3: 3 0x80000248 (0x0020f07b) c8_vstart 0x00000000 e32 m1 l8 mem 0x9000301a 0x0
core   0: 0x8000024c (0x0000205b) join    v0, v0, pc + 0
core   0: 3 0x8000024c (0x0000205b) current mask:	0000005b current npc:	8000024c stack size: 1
[r_pc] 8000024c [else_pc] 8000024c [else_mask] 000000ff 
core   1: 0x8000024c (0x0000205b) join    v0, v0, pc + 0
core   1: 3 0x8000024c (0x0000205b) current mask:	000000fb current npc:	8000024c stack size: 1
[r_pc] 8000024c [else_pc] 8000024c [else_mask] 000000ff 
core   2: 0x8000024c (0x0000205b) join    v0, v0, pc + 0
core   2: 3 0x8000024c (0x0000205b) current mask:	0000007d current npc:	8000024c stack size: 1
[r_pc] 8000024c [else_pc] 8000024c [else_mask] 000000ff 
core   3: 0x8000024c (0x0000205b) join    v0, v0, pc + 0
core   3: 3 0x8000024c (0x0000205b) current mask:	000000fb current npc:	8000024c stack size: 1
[r_pc] 8000024c [else_pc] 8000024c [else_mask] 000000ff 
core   0: 3 0x8000024c (0x0000205b) current mask:	000000ff current npc:	8000024c stack size: 0
core   1: 3 0x8000024c (0x0000205b) current mask:	000000ff current npc:	8000024c stack size: 0
core   2: 3 0x8000024c (0x0000205b) current mask:	000000ff current npc:	8000024c stack size: 0
core   3: 3 0x8000024c (0x0000205b) current mask:	000000ff current npc:	8000024c stack size: 0
core   0: 3 0x8000024c (0x0000205b) current mask:	000000ff current npc:	8000024c stack size: 0
core   1: 3 0x8000024c (0x0000205b) current mask:	000000ff current npc:	8000024c stack size: 0
core   2: 3 0x8000024c (0x0000205b) current mask:	000000ff current npc:	8000024c stack size: 0
core   3: 3 0x8000024c (0x0000205b) current mask:	000000ff current npc:	8000024c stack size: 0
core   0: Executed 3 times
core   0: 0x80000250 (0x00012083) lw      x1, 0(x2)
core   0: 3 0x80000250 (0x00012083) x1  0x80000090 mem 0x7000000c
core   1: Executed 3 times
core   1: 0x80000250 (0x00012083) lw      x1, 0(x2)
core   1: 3 0x80000250 (0x00012083) x1  0x80000090 mem 0x7000040c
core   2: Executed 3 times
core   2: 0x80000250 (0x00012083) lw      x1, 0(x2)
core   2: 3 0x80000250 (0x00012083) x1  0x80000090 mem 0x7000080c
core   3: Executed 3 times
core   3: 0x80000250 (0x00012083) lw      x1, 0(x2)
core   3: 3 0x80000250 (0x00012083) x1  0x80000090 mem 0x70000c0c
core   0: 0x80000254 (0xff410113) addi    x2, x2, -12
core   0: 3 0x80000254 (0xff410113) x2  0x70000000
core   1: 0x80000254 (0xff410113) addi    x2, x2, -12
core   1: 3 0x80000254 (0xff410113) x2  0x70000400
core   2: 0x80000254 (0xff410113) addi    x2, x2, -12
core   2: 3 0x80000254 (0xff410113) x2  0x70000800
core   3: 0x80000254 (0xff410113) addi    x2, x2, -12
core   3: 3 0x80000254 (0xff410113) x2  0x70000c00
core   0: 0x80000258 (0x00008067) ret
core   0: 3 0x80000258 (0x00008067)
core   1: 0x80000258 (0x00008067) ret
core   1: 3 0x80000258 (0x00008067)
core   2: 0x80000258 (0x00008067) ret
core   2: 3 0x80000258 (0x00008067)
core   3: 0x80000258 (0x00008067) ret
core   3: 3 0x80000258 (0x00008067)
core   0: 0x80000090 (0x0000400b) endprg  x0, x0, x0
core   0: 3 0x80000090 (0x0000400b)
core   1: 0x80000090 (0x0000400b) endprg  x0, x0, x0
core   1: 3 0x80000090 (0x0000400b)
core   2: 0x80000090 (0x0000400b) endprg  x0, x0, x0
core   2: 3 0x80000090 (0x0000400b)
core   3: 0x80000090 (0x0000400b) endprg  x0, x0, x0
core   3: 3 0x80000090 (0x0000400b)
core   0: 0x80000094 (0x0040006f) j       pc + 0x4
core   0: 3 0x80000094 (0x0040006f)
core   0: 0x80000098 (0x00100313) li      x6, 1
core   0: 3 0x80000098 (0x00100313) x6  0x00000001
core   0: 0x8000009c (0x00001297) auipc   x5, 0x1
core   0: 3 0x8000009c (0x00001297) x5  0x8000109c
core   0: 0x800000a0 (0xf6428293) addi    x5, x5, -156
core   0: 3 0x800000a0 (0xf6428293) x5  0x80001000
core   0: 0x800000a4 (0x0062a023) sw      x6, 0(x5)
core   0: 3 0x800000a4 (0x0062a023) mem 0x80001000 0x00000001
